2022-02-01 13:45:46,073 INFO org.hibernate.validator.internal.util.Version [background-preinit] HV000001: Hibernate Validator 6.2.0.Final
2022-02-01 13:45:46,075 INFO org.springframework.boot.StartupInfoLogger [main] Starting MomentsBackendApplication using Java 17.0.1 on Vitaliis-iMac.local with PID 1410 (/Users/vitaliiprovotar/IdeaProjects/moments-backend/build/classes/java/main started by vitaliiprovotar in /Users/vitaliiprovotar/IdeaProjects/moments-backend)
2022-02-01 13:45:46,076 DEBUG org.springframework.boot.StartupInfoLogger [main] Running with Spring Boot v2.6.2, Spring v5.3.14
2022-02-01 13:45:46,076 INFO org.springframework.boot.SpringApplication [main] No active profile set, falling back to default profiles: default
2022-02-01 13:45:46,404 INFO org.springframework.data.repository.config.RepositoryConfigurationDelegate [main] Bootstrapping Spring Data JPA repositories in DEFAULT mode.
2022-02-01 13:45:46,441 INFO org.springframework.data.repository.config.RepositoryConfigurationDelegate [main] Finished Spring Data repository scanning in 32 ms. Found 9 JPA repository interfaces.
2022-02-01 13:45:46,753 INFO org.springframework.boot.web.embedded.tomcat.TomcatWebServer [main] Tomcat initialized with port(s): 8080 (http)
2022-02-01 13:45:46,759 INFO org.apache.juli.logging.DirectJDKLog [main] Initializing ProtocolHandler ["http-nio-8080"]
2022-02-01 13:45:46,759 INFO org.apache.juli.logging.DirectJDKLog [main] Starting service [Tomcat]
2022-02-01 13:45:46,759 INFO org.apache.juli.logging.DirectJDKLog [main] Starting Servlet engine: [Apache Tomcat/9.0.56]
2022-02-01 13:45:46,821 INFO org.apache.juli.logging.DirectJDKLog [main] Initializing Spring embedded WebApplicationContext
2022-02-01 13:45:46,822 INFO org.springframework.boot.web.servlet.context.ServletWebServerApplicationContext [main] Root WebApplicationContext: initialization completed in 724 ms
2022-02-01 13:45:46,953 INFO org.hibernate.jpa.internal.util.LogHelper [main] HHH000204: Processing PersistenceUnitInfo [name: default]
2022-02-01 13:45:46,987 INFO org.hibernate.Version [main] HHH000412: Hibernate ORM core version 5.6.3.Final
2022-02-01 13:45:47,067 INFO org.hibernate.annotations.common.reflection.java.JavaReflectionManager [main] HCANN000001: Hibernate Commons Annotations {5.1.2.Final}
2022-02-01 13:45:47,110 INFO com.zaxxer.hikari.HikariDataSource [main] HikariPool-1 - Starting...
2022-02-01 13:45:47,230 INFO com.zaxxer.hikari.HikariDataSource [main] HikariPool-1 - Start completed.
2022-02-01 13:45:47,240 INFO org.hibernate.dialect.Dialect [main] HHH000400: Using dialect: org.hibernate.dialect.PostgreSQLDialect
2022-02-01 13:45:47,783 INFO org.hibernate.engine.transaction.jta.platform.internal.JtaPlatformInitiator [main] HHH000490: Using JtaPlatform implementation: [org.hibernate.engine.transaction.jta.platform.internal.NoJtaPlatform]
2022-02-01 13:45:47,787 INFO org.springframework.orm.jpa.AbstractEntityManagerFactoryBean [main] Initialized JPA EntityManagerFactory for persistence unit 'default'
2022-02-01 13:45:48,026 WARN org.springframework.boot.autoconfigure.orm.jpa.JpaBaseConfiguration$JpaWebConfiguration [main] spring.jpa.open-in-view is enabled by default. Therefore, database queries may be performed during view rendering. Explicitly configure spring.jpa.open-in-view to disable this warning
2022-02-01 13:45:48,074 DEBUG org.springframework.web.filter.GenericFilterBean [main] Filter 'jwtTokenFilter' configured for use
2022-02-01 13:45:48,198 INFO org.springframework.security.web.DefaultSecurityFilterChain [main] Will secure any request with [org.springframework.security.web.context.request.async.WebAsyncManagerIntegrationFilter@412440c1, org.springframework.security.web.context.SecurityContextPersistenceFilter@282240, org.springframework.security.web.header.HeaderWriterFilter@29d29657, org.springframework.web.filter.CorsFilter@4af44f2a, org.springframework.security.web.authentication.logout.LogoutFilter@453439e, com.instacafe.moments.security.jwt.JwtTokenFilter@3afaa39f, org.springframework.security.web.savedrequest.RequestCacheAwareFilter@1e160a9e, org.springframework.security.web.servletapi.SecurityContextHolderAwareRequestFilter@6ac83e67, org.springframework.security.web.authentication.AnonymousAuthenticationFilter@36c45149, org.springframework.security.web.session.SessionManagementFilter@6f695077, org.springframework.security.web.access.ExceptionTranslationFilter@28fef9a2, org.springframework.security.web.access.intercept.FilterSecurityInterceptor@67e21ea2]
2022-02-01 13:45:48,469 INFO org.apache.juli.logging.DirectJDKLog [main] Starting ProtocolHandler ["http-nio-8080"]
2022-02-01 13:45:48,482 INFO org.springframework.boot.web.embedded.tomcat.TomcatWebServer [main] Tomcat started on port(s): 8080 (http) with context path ''
2022-02-01 13:45:48,488 INFO org.springframework.boot.StartupInfoLogger [main] Started MomentsBackendApplication in 2.758 seconds (JVM running for 2.923)
2022-02-01 13:45:56,192 INFO org.apache.juli.logging.DirectJDKLog [http-nio-8080-exec-1] Initializing Spring DispatcherServlet 'dispatcherServlet'
2022-02-01 13:45:56,192 INFO org.springframework.web.servlet.FrameworkServlet [http-nio-8080-exec-1] Initializing Servlet 'dispatcherServlet'
2022-02-01 13:45:56,196 INFO org.springframework.web.servlet.FrameworkServlet [http-nio-8080-exec-1] Completed initialization in 4 ms
2022-02-01 13:45:56,296 INFO com.instacafe.moments.rest.AuthenticationRestController [http-nio-8080-exec-2] Login: snhur42@gmail.com
2022-02-01 13:45:56,563 INFO com.instacafe.moments.service.auth.AuthenticationService [http-nio-8080-exec-2] Login success: snhur42@gmail.com
2022-02-01 13:47:09,736 INFO com.instacafe.moments.rest.AuthenticationRestController [http-nio-8080-exec-6] Login: hello@gmail.com
2022-02-01 13:47:09,748 ERROR com.instacafe.moments.service.auth.UserDetailsServiceImpl [http-nio-8080-exec-6] There is not User with this username: hello@gmail.com
2022-02-01 13:47:09,748 ERROR com.instacafe.moments.service.auth.AuthenticationService [http-nio-8080-exec-6] Invalid email/password combination hello@gmail.com
2022-02-01 13:51:19,381 INFO com.instacafe.moments.rest.AuthenticationRestController [http-nio-8080-exec-10] Login: snhur42@gmail.com
2022-02-01 13:51:19,493 INFO com.instacafe.moments.service.auth.AuthenticationService [http-nio-8080-exec-10] Login success: snhur42@gmail.com
2022-02-01 13:55:41,588 INFO org.springframework.orm.jpa.AbstractEntityManagerFactoryBean [SpringApplicationShutdownHook] Closing JPA EntityManagerFactory for persistence unit 'default'
2022-02-01 13:55:41,593 INFO com.zaxxer.hikari.HikariDataSource [SpringApplicationShutdownHook] HikariPool-1 - Shutdown initiated...
2022-02-01 13:55:41,596 INFO com.zaxxer.hikari.HikariDataSource [SpringApplicationShutdownHook] HikariPool-1 - Shutdown completed.
2022-02-01 13:55:48,413 INFO org.hibernate.validator.internal.util.Version [background-preinit] HV000001: Hibernate Validator 6.2.0.Final
2022-02-01 13:55:48,417 INFO org.springframework.boot.StartupInfoLogger [main] Starting MomentsBackendApplication using Java 17.0.1 on Vitaliis-iMac.local with PID 1642 (/Users/vitaliiprovotar/IdeaProjects/moments-backend/build/classes/java/main started by vitaliiprovotar in /Users/vitaliiprovotar/IdeaProjects/moments-backend)
2022-02-01 13:55:48,417 DEBUG org.springframework.boot.StartupInfoLogger [main] Running with Spring Boot v2.6.2, Spring v5.3.14
2022-02-01 13:55:48,417 INFO org.springframework.boot.SpringApplication [main] No active profile set, falling back to default profiles: default
2022-02-01 13:55:48,767 INFO org.springframework.data.repository.config.RepositoryConfigurationDelegate [main] Bootstrapping Spring Data JPA repositories in DEFAULT mode.
2022-02-01 13:55:48,808 INFO org.springframework.data.repository.config.RepositoryConfigurationDelegate [main] Finished Spring Data repository scanning in 37 ms. Found 9 JPA repository interfaces.
2022-02-01 13:55:49,112 INFO org.springframework.boot.web.embedded.tomcat.TomcatWebServer [main] Tomcat initialized with port(s): 8080 (http)
2022-02-01 13:55:49,119 INFO org.apache.juli.logging.DirectJDKLog [main] Initializing ProtocolHandler ["http-nio-8080"]
2022-02-01 13:55:49,120 INFO org.apache.juli.logging.DirectJDKLog [main] Starting service [Tomcat]
2022-02-01 13:55:49,120 INFO org.apache.juli.logging.DirectJDKLog [main] Starting Servlet engine: [Apache Tomcat/9.0.56]
2022-02-01 13:55:49,180 INFO org.apache.juli.logging.DirectJDKLog [main] Initializing Spring embedded WebApplicationContext
2022-02-01 13:55:49,181 INFO org.springframework.boot.web.servlet.context.ServletWebServerApplicationContext [main] Root WebApplicationContext: initialization completed in 740 ms
2022-02-01 13:55:49,320 INFO org.hibernate.jpa.internal.util.LogHelper [main] HHH000204: Processing PersistenceUnitInfo [name: default]
2022-02-01 13:55:49,354 INFO org.hibernate.Version [main] HHH000412: Hibernate ORM core version 5.6.3.Final
2022-02-01 13:55:49,462 INFO org.hibernate.annotations.common.reflection.java.JavaReflectionManager [main] HCANN000001: Hibernate Commons Annotations {5.1.2.Final}
2022-02-01 13:55:49,532 INFO com.zaxxer.hikari.HikariDataSource [main] HikariPool-1 - Starting...
2022-02-01 13:55:49,666 INFO com.zaxxer.hikari.HikariDataSource [main] HikariPool-1 - Start completed.
2022-02-01 13:55:49,676 INFO org.hibernate.dialect.Dialect [main] HHH000400: Using dialect: org.hibernate.dialect.PostgreSQLDialect
2022-02-01 13:55:50,469 INFO org.hibernate.engine.transaction.jta.platform.internal.JtaPlatformInitiator [main] HHH000490: Using JtaPlatform implementation: [org.hibernate.engine.transaction.jta.platform.internal.NoJtaPlatform]
2022-02-01 13:55:50,475 INFO org.springframework.orm.jpa.AbstractEntityManagerFactoryBean [main] Initialized JPA EntityManagerFactory for persistence unit 'default'
2022-02-01 13:55:50,705 WARN org.springframework.boot.autoconfigure.orm.jpa.JpaBaseConfiguration$JpaWebConfiguration [main] spring.jpa.open-in-view is enabled by default. Therefore, database queries may be performed during view rendering. Explicitly configure spring.jpa.open-in-view to disable this warning
2022-02-01 13:55:50,755 DEBUG org.springframework.web.filter.GenericFilterBean [main] Filter 'jwtTokenFilter' configured for use
2022-02-01 13:55:50,926 INFO org.springframework.security.web.DefaultSecurityFilterChain [main] Will secure any request with [org.springframework.security.web.context.request.async.WebAsyncManagerIntegrationFilter@3e1c5e0d, org.springframework.security.web.context.SecurityContextPersistenceFilter@210e2f2f, org.springframework.security.web.header.HeaderWriterFilter@60e5eed0, org.springframework.web.filter.CorsFilter@2ba08f26, org.springframework.security.web.authentication.logout.LogoutFilter@544300a6, com.instacafe.moments.security.jwt.JwtTokenFilter@79bf39e5, org.springframework.security.web.savedrequest.RequestCacheAwareFilter@43dddfdd, org.springframework.security.web.servletapi.SecurityContextHolderAwareRequestFilter@7a13ad55, org.springframework.security.web.authentication.AnonymousAuthenticationFilter@6f7a65e, org.springframework.security.web.session.SessionManagementFilter@4840ec68, org.springframework.security.web.access.ExceptionTranslationFilter@644f6e89, org.springframework.security.web.access.intercept.FilterSecurityInterceptor@eb6ccbc]
2022-02-01 13:55:51,118 INFO org.apache.juli.logging.DirectJDKLog [main] Starting ProtocolHandler ["http-nio-8080"]
2022-02-01 13:55:51,128 INFO org.springframework.boot.web.embedded.tomcat.TomcatWebServer [main] Tomcat started on port(s): 8080 (http) with context path ''
2022-02-01 13:55:51,135 INFO org.springframework.boot.StartupInfoLogger [main] Started MomentsBackendApplication in 2.959 seconds (JVM running for 3.17)
2022-02-01 13:55:55,624 INFO org.apache.juli.logging.DirectJDKLog [http-nio-8080-exec-2] Initializing Spring DispatcherServlet 'dispatcherServlet'
2022-02-01 13:55:55,625 INFO org.springframework.web.servlet.FrameworkServlet [http-nio-8080-exec-2] Initializing Servlet 'dispatcherServlet'
2022-02-01 13:55:55,627 INFO org.springframework.web.servlet.FrameworkServlet [http-nio-8080-exec-2] Completed initialization in 2 ms
2022-02-01 13:58:09,522 INFO org.hibernate.validator.internal.util.Version [background-preinit] HV000001: Hibernate Validator 6.2.0.Final
2022-02-01 13:58:09,523 INFO org.springframework.boot.StartupInfoLogger [main] Starting MomentsBackendApplication using Java 17.0.1 on Vitaliis-iMac.local with PID 1696 (/Users/vitaliiprovotar/IdeaProjects/moments-backend/build/classes/java/main started by vitaliiprovotar in /Users/vitaliiprovotar/IdeaProjects/moments-backend)
2022-02-01 13:58:09,524 DEBUG org.springframework.boot.StartupInfoLogger [main] Running with Spring Boot v2.6.2, Spring v5.3.14
2022-02-01 13:58:09,524 INFO org.springframework.boot.SpringApplication [main] No active profile set, falling back to default profiles: default
2022-02-01 13:58:09,862 INFO org.springframework.data.repository.config.RepositoryConfigurationDelegate [main] Bootstrapping Spring Data JPA repositories in DEFAULT mode.
2022-02-01 13:58:09,902 INFO org.springframework.data.repository.config.RepositoryConfigurationDelegate [main] Finished Spring Data repository scanning in 35 ms. Found 9 JPA repository interfaces.
2022-02-01 13:58:10,216 INFO org.springframework.boot.web.embedded.tomcat.TomcatWebServer [main] Tomcat initialized with port(s): 8080 (http)
2022-02-01 13:58:10,220 INFO org.apache.juli.logging.DirectJDKLog [main] Initializing ProtocolHandler ["http-nio-8080"]
2022-02-01 13:58:10,221 INFO org.apache.juli.logging.DirectJDKLog [main] Starting service [Tomcat]
2022-02-01 13:58:10,221 INFO org.apache.juli.logging.DirectJDKLog [main] Starting Servlet engine: [Apache Tomcat/9.0.56]
2022-02-01 13:58:10,265 INFO org.apache.juli.logging.DirectJDKLog [main] Initializing Spring embedded WebApplicationContext
2022-02-01 13:58:10,265 INFO org.springframework.boot.web.servlet.context.ServletWebServerApplicationContext [main] Root WebApplicationContext: initialization completed in 711 ms
2022-02-01 13:58:10,356 INFO org.hibernate.jpa.internal.util.LogHelper [main] HHH000204: Processing PersistenceUnitInfo [name: default]
2022-02-01 13:58:10,381 INFO org.hibernate.Version [main] HHH000412: Hibernate ORM core version 5.6.3.Final
2022-02-01 13:58:10,456 INFO org.hibernate.annotations.common.reflection.java.JavaReflectionManager [main] HCANN000001: Hibernate Commons Annotations {5.1.2.Final}
2022-02-01 13:58:10,504 INFO com.zaxxer.hikari.HikariDataSource [main] HikariPool-1 - Starting...
2022-02-01 13:58:10,586 INFO com.zaxxer.hikari.HikariDataSource [main] HikariPool-1 - Start completed.
2022-02-01 13:58:10,594 INFO org.hibernate.dialect.Dialect [main] HHH000400: Using dialect: org.hibernate.dialect.PostgreSQLDialect
2022-02-01 13:58:11,054 INFO org.hibernate.engine.transaction.jta.platform.internal.JtaPlatformInitiator [main] HHH000490: Using JtaPlatform implementation: [org.hibernate.engine.transaction.jta.platform.internal.NoJtaPlatform]
2022-02-01 13:58:11,059 INFO org.springframework.orm.jpa.AbstractEntityManagerFactoryBean [main] Initialized JPA EntityManagerFactory for persistence unit 'default'
2022-02-01 13:58:11,305 WARN org.springframework.boot.autoconfigure.orm.jpa.JpaBaseConfiguration$JpaWebConfiguration [main] spring.jpa.open-in-view is enabled by default. Therefore, database queries may be performed during view rendering. Explicitly configure spring.jpa.open-in-view to disable this warning
2022-02-01 13:58:11,377 DEBUG org.springframework.web.filter.GenericFilterBean [main] Filter 'jwtTokenFilter' configured for use
2022-02-01 13:58:11,521 INFO org.springframework.security.web.DefaultSecurityFilterChain [main] Will secure any request with [org.springframework.security.web.context.request.async.WebAsyncManagerIntegrationFilter@51efdb72, org.springframework.security.web.context.SecurityContextPersistenceFilter@758311ed, org.springframework.security.web.header.HeaderWriterFilter@2123a61c, org.springframework.web.filter.CorsFilter@74919649, org.springframework.security.web.authentication.logout.LogoutFilter@7fcfe065, com.instacafe.moments.security.jwt.JwtTokenFilter@79bf39e5, org.springframework.security.web.savedrequest.RequestCacheAwareFilter@446981a4, org.springframework.security.web.servletapi.SecurityContextHolderAwareRequestFilter@77ad2767, org.springframework.security.web.authentication.AnonymousAuthenticationFilter@7bc6b117, org.springframework.security.web.session.SessionManagementFilter@5d9d8ecf, org.springframework.security.web.access.ExceptionTranslationFilter@7b6b466a, org.springframework.security.web.access.intercept.FilterSecurityInterceptor@7fdabb3b]
2022-02-01 13:58:11,726 INFO org.apache.juli.logging.DirectJDKLog [main] Starting ProtocolHandler ["http-nio-8080"]
2022-02-01 13:58:11,732 INFO org.springframework.boot.web.embedded.tomcat.TomcatWebServer [main] Tomcat started on port(s): 8080 (http) with context path ''
2022-02-01 13:58:11,737 INFO org.springframework.boot.StartupInfoLogger [main] Started MomentsBackendApplication in 2.435 seconds (JVM running for 2.612)
2022-02-01 13:58:16,583 INFO org.apache.juli.logging.DirectJDKLog [http-nio-8080-exec-2] Initializing Spring DispatcherServlet 'dispatcherServlet'
2022-02-01 13:58:16,584 INFO org.springframework.web.servlet.FrameworkServlet [http-nio-8080-exec-2] Initializing Servlet 'dispatcherServlet'
2022-02-01 13:58:16,588 INFO org.springframework.web.servlet.FrameworkServlet [http-nio-8080-exec-2] Completed initialization in 3 ms
2022-02-01 13:59:08,196 INFO org.springframework.boot.StartupInfoLogger [main] Starting MomentsBackendApplication using Java 17.0.1 on Vitaliis-iMac.local with PID 1749 (/Users/vitaliiprovotar/IdeaProjects/moments-backend/build/classes/java/main started by vitaliiprovotar in /Users/vitaliiprovotar/IdeaProjects/moments-backend)
2022-02-01 13:59:08,195 INFO org.hibernate.validator.internal.util.Version [background-preinit] HV000001: Hibernate Validator 6.2.0.Final
2022-02-01 13:59:08,197 DEBUG org.springframework.boot.StartupInfoLogger [main] Running with Spring Boot v2.6.2, Spring v5.3.14
2022-02-01 13:59:08,197 INFO org.springframework.boot.SpringApplication [main] No active profile set, falling back to default profiles: default
2022-02-01 13:59:08,530 INFO org.springframework.data.repository.config.RepositoryConfigurationDelegate [main] Bootstrapping Spring Data JPA repositories in DEFAULT mode.
2022-02-01 13:59:08,567 INFO org.springframework.data.repository.config.RepositoryConfigurationDelegate [main] Finished Spring Data repository scanning in 33 ms. Found 9 JPA repository interfaces.
2022-02-01 13:59:08,847 INFO org.springframework.boot.web.embedded.tomcat.TomcatWebServer [main] Tomcat initialized with port(s): 8080 (http)
2022-02-01 13:59:08,852 INFO org.apache.juli.logging.DirectJDKLog [main] Initializing ProtocolHandler ["http-nio-8080"]
2022-02-01 13:59:08,852 INFO org.apache.juli.logging.DirectJDKLog [main] Starting service [Tomcat]
2022-02-01 13:59:08,852 INFO org.apache.juli.logging.DirectJDKLog [main] Starting Servlet engine: [Apache Tomcat/9.0.56]
2022-02-01 13:59:08,899 INFO org.apache.juli.logging.DirectJDKLog [main] Initializing Spring embedded WebApplicationContext
2022-02-01 13:59:08,899 INFO org.springframework.boot.web.servlet.context.ServletWebServerApplicationContext [main] Root WebApplicationContext: initialization completed in 681 ms
2022-02-01 13:59:08,970 INFO org.hibernate.jpa.internal.util.LogHelper [main] HHH000204: Processing PersistenceUnitInfo [name: default]
2022-02-01 13:59:08,992 INFO org.hibernate.Version [main] HHH000412: Hibernate ORM core version 5.6.3.Final
2022-02-01 13:59:09,060 INFO org.hibernate.annotations.common.reflection.java.JavaReflectionManager [main] HCANN000001: Hibernate Commons Annotations {5.1.2.Final}
2022-02-01 13:59:09,103 INFO com.zaxxer.hikari.HikariDataSource [main] HikariPool-1 - Starting...
2022-02-01 13:59:09,183 INFO com.zaxxer.hikari.HikariDataSource [main] HikariPool-1 - Start completed.
2022-02-01 13:59:09,191 INFO org.hibernate.dialect.Dialect [main] HHH000400: Using dialect: org.hibernate.dialect.PostgreSQLDialect
2022-02-01 13:59:09,655 INFO org.hibernate.engine.transaction.jta.platform.internal.JtaPlatformInitiator [main] HHH000490: Using JtaPlatform implementation: [org.hibernate.engine.transaction.jta.platform.internal.NoJtaPlatform]
2022-02-01 13:59:09,659 INFO org.springframework.orm.jpa.AbstractEntityManagerFactoryBean [main] Initialized JPA EntityManagerFactory for persistence unit 'default'
2022-02-01 13:59:09,882 WARN org.springframework.boot.autoconfigure.orm.jpa.JpaBaseConfiguration$JpaWebConfiguration [main] spring.jpa.open-in-view is enabled by default. Therefore, database queries may be performed during view rendering. Explicitly configure spring.jpa.open-in-view to disable this warning
2022-02-01 13:59:09,925 DEBUG org.springframework.web.filter.GenericFilterBean [main] Filter 'jwtTokenFilter' configured for use
2022-02-01 13:59:10,047 INFO org.springframework.security.web.DefaultSecurityFilterChain [main] Will secure any request with [org.springframework.security.web.context.request.async.WebAsyncManagerIntegrationFilter@59d09ff3, org.springframework.security.web.context.SecurityContextPersistenceFilter@9ae0794, org.springframework.security.web.header.HeaderWriterFilter@675bf541, org.springframework.web.filter.CorsFilter@74919649, org.springframework.security.web.authentication.logout.LogoutFilter@237c8718, com.instacafe.moments.security.jwt.JwtTokenFilter@364c93e6, org.springframework.security.web.savedrequest.RequestCacheAwareFilter@680937c9, org.springframework.security.web.servletapi.SecurityContextHolderAwareRequestFilter@7e84a52b, org.springframework.security.web.authentication.AnonymousAuthenticationFilter@17d0d3d7, org.springframework.security.web.session.SessionManagementFilter@446981a4, org.springframework.security.web.access.ExceptionTranslationFilter@f252762, org.springframework.security.web.access.intercept.FilterSecurityInterceptor@7bc6b117]
2022-02-01 13:59:10,241 INFO org.apache.juli.logging.DirectJDKLog [main] Starting ProtocolHandler ["http-nio-8080"]
2022-02-01 13:59:10,247 INFO org.springframework.boot.web.embedded.tomcat.TomcatWebServer [main] Tomcat started on port(s): 8080 (http) with context path ''
2022-02-01 13:59:10,252 INFO org.springframework.boot.StartupInfoLogger [main] Started MomentsBackendApplication in 2.248 seconds (JVM running for 2.413)
2022-02-01 13:59:15,360 INFO org.apache.juli.logging.DirectJDKLog [http-nio-8080-exec-1] Initializing Spring DispatcherServlet 'dispatcherServlet'
2022-02-01 13:59:15,360 INFO org.springframework.web.servlet.FrameworkServlet [http-nio-8080-exec-1] Initializing Servlet 'dispatcherServlet'
2022-02-01 13:59:15,361 INFO org.springframework.web.servlet.FrameworkServlet [http-nio-8080-exec-1] Completed initialization in 1 ms
2022-02-01 13:59:48,662 INFO org.hibernate.validator.internal.util.Version [background-preinit] HV000001: Hibernate Validator 6.2.0.Final
2022-02-01 13:59:48,663 INFO org.springframework.boot.StartupInfoLogger [main] Starting MomentsBackendApplication using Java 17.0.1 on Vitaliis-iMac.local with PID 1791 (/Users/vitaliiprovotar/IdeaProjects/moments-backend/build/classes/java/main started by vitaliiprovotar in /Users/vitaliiprovotar/IdeaProjects/moments-backend)
2022-02-01 13:59:48,664 DEBUG org.springframework.boot.StartupInfoLogger [main] Running with Spring Boot v2.6.2, Spring v5.3.14
2022-02-01 13:59:48,664 INFO org.springframework.boot.SpringApplication [main] No active profile set, falling back to default profiles: default
2022-02-01 13:59:49,006 INFO org.springframework.data.repository.config.RepositoryConfigurationDelegate [main] Bootstrapping Spring Data JPA repositories in DEFAULT mode.
2022-02-01 13:59:49,043 INFO org.springframework.data.repository.config.RepositoryConfigurationDelegate [main] Finished Spring Data repository scanning in 30 ms. Found 9 JPA repository interfaces.
2022-02-01 13:59:49,324 INFO org.springframework.boot.web.embedded.tomcat.TomcatWebServer [main] Tomcat initialized with port(s): 8080 (http)
2022-02-01 13:59:49,328 INFO org.apache.juli.logging.DirectJDKLog [main] Initializing ProtocolHandler ["http-nio-8080"]
2022-02-01 13:59:49,328 INFO org.apache.juli.logging.DirectJDKLog [main] Starting service [Tomcat]
2022-02-01 13:59:49,328 INFO org.apache.juli.logging.DirectJDKLog [main] Starting Servlet engine: [Apache Tomcat/9.0.56]
2022-02-01 13:59:49,367 INFO org.apache.juli.logging.DirectJDKLog [main] Initializing Spring embedded WebApplicationContext
2022-02-01 13:59:49,368 INFO org.springframework.boot.web.servlet.context.ServletWebServerApplicationContext [main] Root WebApplicationContext: initialization completed in 682 ms
2022-02-01 13:59:49,449 INFO org.hibernate.jpa.internal.util.LogHelper [main] HHH000204: Processing PersistenceUnitInfo [name: default]
2022-02-01 13:59:49,471 INFO org.hibernate.Version [main] HHH000412: Hibernate ORM core version 5.6.3.Final
2022-02-01 13:59:49,544 INFO org.hibernate.annotations.common.reflection.java.JavaReflectionManager [main] HCANN000001: Hibernate Commons Annotations {5.1.2.Final}
2022-02-01 13:59:49,586 INFO com.zaxxer.hikari.HikariDataSource [main] HikariPool-1 - Starting...
2022-02-01 13:59:49,694 INFO com.zaxxer.hikari.HikariDataSource [main] HikariPool-1 - Start completed.
2022-02-01 13:59:49,704 INFO org.hibernate.dialect.Dialect [main] HHH000400: Using dialect: org.hibernate.dialect.PostgreSQLDialect
2022-02-01 13:59:50,445 INFO org.hibernate.engine.transaction.jta.platform.internal.JtaPlatformInitiator [main] HHH000490: Using JtaPlatform implementation: [org.hibernate.engine.transaction.jta.platform.internal.NoJtaPlatform]
2022-02-01 13:59:50,451 INFO org.springframework.orm.jpa.AbstractEntityManagerFactoryBean [main] Initialized JPA EntityManagerFactory for persistence unit 'default'
2022-02-01 13:59:50,943 WARN org.springframework.boot.autoconfigure.orm.jpa.JpaBaseConfiguration$JpaWebConfiguration [main] spring.jpa.open-in-view is enabled by default. Therefore, database queries may be performed during view rendering. Explicitly configure spring.jpa.open-in-view to disable this warning
2022-02-01 13:59:51,079 DEBUG org.springframework.web.filter.GenericFilterBean [main] Filter 'jwtTokenFilter' configured for use
2022-02-01 13:59:51,234 INFO org.springframework.security.web.DefaultSecurityFilterChain [main] Will secure any request with [org.springframework.security.web.context.request.async.WebAsyncManagerIntegrationFilter@49322d04, org.springframework.security.web.context.SecurityContextPersistenceFilter@40199d5e, org.springframework.security.web.header.HeaderWriterFilter@5d9d8ecf, org.springframework.web.filter.CorsFilter@50b624da, org.springframework.security.web.authentication.logout.LogoutFilter@1c3a64b6, com.instacafe.moments.security.jwt.JwtTokenFilter@1260c85e, org.springframework.security.web.savedrequest.RequestCacheAwareFilter@571c7572, org.springframework.security.web.servletapi.SecurityContextHolderAwareRequestFilter@210e2f2f, org.springframework.security.web.authentication.AnonymousAuthenticationFilter@b6b746b, org.springframework.security.web.session.SessionManagementFilter@608c2042, org.springframework.security.web.access.ExceptionTranslationFilter@2d33795c, org.springframework.security.web.access.intercept.FilterSecurityInterceptor@5c43cb12]
2022-02-01 13:59:51,475 INFO org.apache.juli.logging.DirectJDKLog [main] Starting ProtocolHandler ["http-nio-8080"]
2022-02-01 13:59:51,485 INFO org.springframework.boot.web.embedded.tomcat.TomcatWebServer [main] Tomcat started on port(s): 8080 (http) with context path ''
2022-02-01 13:59:51,490 INFO org.springframework.boot.StartupInfoLogger [main] Started MomentsBackendApplication in 3.012 seconds (JVM running for 3.184)
2022-02-01 14:00:36,283 INFO org.apache.juli.logging.DirectJDKLog [http-nio-8080-exec-1] Initializing Spring DispatcherServlet 'dispatcherServlet'
2022-02-01 14:00:36,284 INFO org.springframework.web.servlet.FrameworkServlet [http-nio-8080-exec-1] Initializing Servlet 'dispatcherServlet'
2022-02-01 14:00:36,288 INFO org.springframework.web.servlet.FrameworkServlet [http-nio-8080-exec-1] Completed initialization in 4 ms
2022-02-01 14:01:36,579 INFO com.instacafe.moments.rest.AuthenticationRestController [http-nio-8080-exec-7] Login: snhur42@gmail.com
2022-02-01 14:01:36,792 INFO com.instacafe.moments.service.auth.AuthenticationService [http-nio-8080-exec-7] Login success: snhur42@gmail.com
2022-02-01 14:02:15,525 INFO com.instacafe.moments.rest.AuthenticationRestController [http-nio-8080-exec-10] Login: maks@gmail.com
2022-02-01 14:02:15,649 INFO com.instacafe.moments.service.auth.AuthenticationService [http-nio-8080-exec-10] Login success: maks@gmail.com
2022-02-01 14:03:25,063 INFO com.instacafe.moments.rest.AuthenticationRestController [http-nio-8080-exec-6] Login: snhur42@gmail.com
2022-02-01 14:03:25,177 INFO com.instacafe.moments.service.auth.AuthenticationService [http-nio-8080-exec-6] Login success: snhur42@gmail.com
2022-02-01 14:04:01,294 INFO com.instacafe.moments.rest.AuthenticationRestController [http-nio-8080-exec-8] Login: makson@gmail.com
2022-02-01 14:04:01,411 INFO com.instacafe.moments.service.auth.AuthenticationService [http-nio-8080-exec-8] Login success: makson@gmail.com
2022-02-01 14:29:24,973 INFO com.instacafe.moments.rest.AuthenticationRestController [http-nio-8080-exec-4] Login: snhur42@gmail.com
2022-02-01 14:29:25,133 INFO com.instacafe.moments.service.auth.AuthenticationService [http-nio-8080-exec-4] Login success: snhur42@gmail.com
2022-02-01 15:12:10,538 INFO org.springframework.orm.jpa.AbstractEntityManagerFactoryBean [SpringApplicationShutdownHook] Closing JPA EntityManagerFactory for persistence unit 'default'
2022-02-01 15:12:10,642 INFO com.zaxxer.hikari.HikariDataSource [SpringApplicationShutdownHook] HikariPool-1 - Shutdown initiated...
2022-02-01 15:12:10,662 INFO com.zaxxer.hikari.HikariDataSource [SpringApplicationShutdownHook] HikariPool-1 - Shutdown completed.
2022-02-01 15:12:14,371 INFO org.hibernate.validator.internal.util.Version [background-preinit] HV000001: Hibernate Validator 6.2.0.Final
2022-02-01 15:12:14,374 INFO org.springframework.boot.StartupInfoLogger [main] Starting MomentsBackendApplication using Java 17.0.1 on Vitaliis-iMac.local with PID 3610 (/Users/vitaliiprovotar/IdeaProjects/moments-backend/build/classes/java/main started by vitaliiprovotar in /Users/vitaliiprovotar/IdeaProjects/moments-backend)
2022-02-01 15:12:14,374 DEBUG org.springframework.boot.StartupInfoLogger [main] Running with Spring Boot v2.6.2, Spring v5.3.14
2022-02-01 15:12:14,374 INFO org.springframework.boot.SpringApplication [main] No active profile set, falling back to default profiles: default
2022-02-01 15:12:14,753 INFO org.springframework.data.repository.config.RepositoryConfigurationDelegate [main] Bootstrapping Spring Data JPA repositories in DEFAULT mode.
2022-02-01 15:12:14,804 INFO org.springframework.data.repository.config.RepositoryConfigurationDelegate [main] Finished Spring Data repository scanning in 46 ms. Found 9 JPA repository interfaces.
2022-02-01 15:12:15,156 INFO org.springframework.boot.web.embedded.tomcat.TomcatWebServer [main] Tomcat initialized with port(s): 8080 (http)
2022-02-01 15:12:15,161 INFO org.apache.juli.logging.DirectJDKLog [main] Initializing ProtocolHandler ["http-nio-8080"]
2022-02-01 15:12:15,162 INFO org.apache.juli.logging.DirectJDKLog [main] Starting service [Tomcat]
2022-02-01 15:12:15,162 INFO org.apache.juli.logging.DirectJDKLog [main] Starting Servlet engine: [Apache Tomcat/9.0.56]
2022-02-01 15:12:15,215 INFO org.apache.juli.logging.DirectJDKLog [main] Initializing Spring embedded WebApplicationContext
2022-02-01 15:12:15,215 INFO org.springframework.boot.web.servlet.context.ServletWebServerApplicationContext [main] Root WebApplicationContext: initialization completed in 820 ms
2022-02-01 15:12:15,300 INFO org.hibernate.jpa.internal.util.LogHelper [main] HHH000204: Processing PersistenceUnitInfo [name: default]
2022-02-01 15:12:15,330 INFO org.hibernate.Version [main] HHH000412: Hibernate ORM core version 5.6.3.Final
2022-02-01 15:12:15,404 INFO org.hibernate.annotations.common.reflection.java.JavaReflectionManager [main] HCANN000001: Hibernate Commons Annotations {5.1.2.Final}
2022-02-01 15:12:15,459 INFO com.zaxxer.hikari.HikariDataSource [main] HikariPool-1 - Starting...
2022-02-01 15:12:15,625 INFO com.zaxxer.hikari.HikariDataSource [main] HikariPool-1 - Start completed.
2022-02-01 15:12:15,649 INFO org.hibernate.dialect.Dialect [main] HHH000400: Using dialect: org.hibernate.dialect.PostgreSQLDialect
2022-02-01 15:12:16,332 INFO org.hibernate.engine.transaction.jta.platform.internal.JtaPlatformInitiator [main] HHH000490: Using JtaPlatform implementation: [org.hibernate.engine.transaction.jta.platform.internal.NoJtaPlatform]
2022-02-01 15:12:16,344 INFO org.springframework.orm.jpa.AbstractEntityManagerFactoryBean [main] Initialized JPA EntityManagerFactory for persistence unit 'default'
2022-02-01 15:12:16,598 WARN org.springframework.boot.autoconfigure.orm.jpa.JpaBaseConfiguration$JpaWebConfiguration [main] spring.jpa.open-in-view is enabled by default. Therefore, database queries may be performed during view rendering. Explicitly configure spring.jpa.open-in-view to disable this warning
2022-02-01 15:12:16,642 DEBUG org.springframework.web.filter.GenericFilterBean [main] Filter 'jwtTokenFilter' configured for use
2022-02-01 15:12:16,760 INFO org.springframework.security.web.DefaultSecurityFilterChain [main] Will secure any request with [org.springframework.security.web.context.request.async.WebAsyncManagerIntegrationFilter@32c8d67, org.springframework.security.web.context.SecurityContextPersistenceFilter@72c5064f, org.springframework.security.web.header.HeaderWriterFilter@69356aca, org.springframework.web.filter.CorsFilter@21dd9203, org.springframework.security.web.authentication.logout.LogoutFilter@59d29065, com.instacafe.moments.security.jwt.JwtTokenFilter@5bcfdaf3, org.springframework.security.web.savedrequest.RequestCacheAwareFilter@453439e, org.springframework.security.web.servletapi.SecurityContextHolderAwareRequestFilter@758311ed, org.springframework.security.web.authentication.AnonymousAuthenticationFilter@281963c, org.springframework.security.web.session.SessionManagementFilter@2aac87ab, org.springframework.security.web.access.ExceptionTranslationFilter@a11efe6, org.springframework.security.web.access.intercept.FilterSecurityInterceptor@22d47f09]
2022-02-01 15:12:16,941 INFO org.apache.juli.logging.DirectJDKLog [main] Starting ProtocolHandler ["http-nio-8080"]
2022-02-01 15:12:16,950 INFO org.springframework.boot.web.embedded.tomcat.TomcatWebServer [main] Tomcat started on port(s): 8080 (http) with context path ''
2022-02-01 15:12:16,957 INFO org.springframework.boot.StartupInfoLogger [main] Started MomentsBackendApplication in 3.036 seconds (JVM running for 3.281)
2022-02-01 15:12:39,294 INFO org.apache.juli.logging.DirectJDKLog [http-nio-8080-exec-1] Initializing Spring DispatcherServlet 'dispatcherServlet'
2022-02-01 15:12:39,295 INFO org.springframework.web.servlet.FrameworkServlet [http-nio-8080-exec-1] Initializing Servlet 'dispatcherServlet'
2022-02-01 15:12:39,302 INFO org.springframework.web.servlet.FrameworkServlet [http-nio-8080-exec-1] Completed initialization in 7 ms
2022-02-01 15:15:07,305 INFO org.springframework.orm.jpa.AbstractEntityManagerFactoryBean [SpringApplicationShutdownHook] Closing JPA EntityManagerFactory for persistence unit 'default'
2022-02-01 15:15:07,319 INFO com.zaxxer.hikari.HikariDataSource [SpringApplicationShutdownHook] HikariPool-1 - Shutdown initiated...
2022-02-01 15:15:07,327 INFO com.zaxxer.hikari.HikariDataSource [SpringApplicationShutdownHook] HikariPool-1 - Shutdown completed.
2022-02-01 15:15:09,885 INFO org.hibernate.validator.internal.util.Version [background-preinit] HV000001: Hibernate Validator 6.2.0.Final
2022-02-01 15:15:09,888 INFO org.springframework.boot.StartupInfoLogger [main] Starting MomentsBackendApplication using Java 17.0.1 on Vitaliis-iMac.local with PID 3766 (/Users/vitaliiprovotar/IdeaProjects/moments-backend/build/classes/java/main started by vitaliiprovotar in /Users/vitaliiprovotar/IdeaProjects/moments-backend)
2022-02-01 15:15:09,888 DEBUG org.springframework.boot.StartupInfoLogger [main] Running with Spring Boot v2.6.2, Spring v5.3.14
2022-02-01 15:15:09,888 INFO org.springframework.boot.SpringApplication [main] No active profile set, falling back to default profiles: default
2022-02-01 15:15:10,369 INFO org.springframework.data.repository.config.RepositoryConfigurationDelegate [main] Bootstrapping Spring Data JPA repositories in DEFAULT mode.
2022-02-01 15:15:10,436 INFO org.springframework.data.repository.config.RepositoryConfigurationDelegate [main] Finished Spring Data repository scanning in 56 ms. Found 9 JPA repository interfaces.
2022-02-01 15:15:10,769 INFO org.springframework.boot.web.embedded.tomcat.TomcatWebServer [main] Tomcat initialized with port(s): 8080 (http)
2022-02-01 15:15:10,776 INFO org.apache.juli.logging.DirectJDKLog [main] Initializing ProtocolHandler ["http-nio-8080"]
2022-02-01 15:15:10,777 INFO org.apache.juli.logging.DirectJDKLog [main] Starting service [Tomcat]
2022-02-01 15:15:10,777 INFO org.apache.juli.logging.DirectJDKLog [main] Starting Servlet engine: [Apache Tomcat/9.0.56]
2022-02-01 15:15:10,828 INFO org.apache.juli.logging.DirectJDKLog [main] Initializing Spring embedded WebApplicationContext
2022-02-01 15:15:10,828 INFO org.springframework.boot.web.servlet.context.ServletWebServerApplicationContext [main] Root WebApplicationContext: initialization completed in 919 ms
2022-02-01 15:15:10,923 INFO org.hibernate.jpa.internal.util.LogHelper [main] HHH000204: Processing PersistenceUnitInfo [name: default]
2022-02-01 15:15:10,947 INFO org.hibernate.Version [main] HHH000412: Hibernate ORM core version 5.6.3.Final
2022-02-01 15:15:11,035 INFO org.hibernate.annotations.common.reflection.java.JavaReflectionManager [main] HCANN000001: Hibernate Commons Annotations {5.1.2.Final}
2022-02-01 15:15:11,108 INFO com.zaxxer.hikari.HikariDataSource [main] HikariPool-1 - Starting...
2022-02-01 15:15:11,400 INFO com.zaxxer.hikari.HikariDataSource [main] HikariPool-1 - Start completed.
2022-02-01 15:15:11,408 INFO org.hibernate.dialect.Dialect [main] HHH000400: Using dialect: org.hibernate.dialect.PostgreSQLDialect
2022-02-01 15:15:12,257 INFO org.hibernate.engine.transaction.jta.platform.internal.JtaPlatformInitiator [main] HHH000490: Using JtaPlatform implementation: [org.hibernate.engine.transaction.jta.platform.internal.NoJtaPlatform]
2022-02-01 15:15:12,266 INFO org.springframework.orm.jpa.AbstractEntityManagerFactoryBean [main] Initialized JPA EntityManagerFactory for persistence unit 'default'
2022-02-01 15:15:12,563 WARN org.springframework.boot.autoconfigure.orm.jpa.JpaBaseConfiguration$JpaWebConfiguration [main] spring.jpa.open-in-view is enabled by default. Therefore, database queries may be performed during view rendering. Explicitly configure spring.jpa.open-in-view to disable this warning
2022-02-01 15:15:12,608 DEBUG org.springframework.web.filter.GenericFilterBean [main] Filter 'jwtTokenFilter' configured for use
2022-02-01 15:15:12,729 INFO org.springframework.security.web.DefaultSecurityFilterChain [main] Will secure any request with [org.springframework.security.web.context.request.async.WebAsyncManagerIntegrationFilter@28d7bd6b, org.springframework.security.web.context.SecurityContextPersistenceFilter@74bcf1ab, org.springframework.security.web.header.HeaderWriterFilter@5b31a9e3, org.springframework.web.filter.CorsFilter@5020e5ab, org.springframework.security.web.authentication.logout.LogoutFilter@e460ca1, com.instacafe.moments.security.jwt.JwtTokenFilter@4a49919c, org.springframework.security.web.savedrequest.RequestCacheAwareFilter@5e6bbe63, org.springframework.security.web.servletapi.SecurityContextHolderAwareRequestFilter@3e4636c3, org.springframework.security.web.authentication.AnonymousAuthenticationFilter@7607340f, org.springframework.security.web.session.SessionManagementFilter@2d1f3639, org.springframework.security.web.access.ExceptionTranslationFilter@799fc4c9, org.springframework.security.web.access.intercept.FilterSecurityInterceptor@351d726c]
2022-02-01 15:15:12,918 INFO org.apache.juli.logging.DirectJDKLog [main] Starting ProtocolHandler ["http-nio-8080"]
2022-02-01 15:15:12,925 INFO org.springframework.boot.web.embedded.tomcat.TomcatWebServer [main] Tomcat started on port(s): 8080 (http) with context path ''
2022-02-01 15:15:12,930 INFO org.springframework.boot.StartupInfoLogger [main] Started MomentsBackendApplication in 3.448 seconds (JVM running for 3.683)
2022-02-01 15:17:40,178 INFO org.apache.juli.logging.DirectJDKLog [http-nio-8080-exec-2] Initializing Spring DispatcherServlet 'dispatcherServlet'
2022-02-01 15:17:40,179 INFO org.springframework.web.servlet.FrameworkServlet [http-nio-8080-exec-2] Initializing Servlet 'dispatcherServlet'
2022-02-01 15:17:40,195 INFO org.springframework.web.servlet.FrameworkServlet [http-nio-8080-exec-2] Completed initialization in 16 ms
2022-02-01 15:19:33,239 ERROR org.apache.juli.logging.DirectJDKLog [http-nio-8080-exec-10] Servlet.service() for servlet [dispatcherServlet] in context with path [] threw exception
org.springframework.security.web.firewall.RequestRejectedException: The request was rejected because the URL contained a potentially malicious String "//"
	at org.springframework.security.web.firewall.StrictHttpFirewall.rejectedBlocklistedUrls(StrictHttpFirewall.java:456)
	at org.springframework.security.web.firewall.StrictHttpFirewall.getFirewalledRequest(StrictHttpFirewall.java:429)
	at org.springframework.security.web.FilterChainProxy.doFilterInternal(FilterChainProxy.java:196)
	at org.springframework.security.web.FilterChainProxy.doFilter(FilterChainProxy.java:183)
	at org.springframework.web.filter.DelegatingFilterProxy.invokeDelegate(DelegatingFilterProxy.java:354)
	at org.springframework.web.filter.DelegatingFilterProxy.doFilter(DelegatingFilterProxy.java:267)
	at org.apache.catalina.core.ApplicationFilterChain.internalDoFilter(ApplicationFilterChain.java:189)
	at org.apache.catalina.core.ApplicationFilterChain.doFilter(ApplicationFilterChain.java:162)
	at org.springframework.web.filter.RequestContextFilter.doFilterInternal(RequestContextFilter.java:100)
	at org.springframework.web.filter.OncePerRequestFilter.doFilter(OncePerRequestFilter.java:117)
	at org.apache.catalina.core.ApplicationFilterChain.internalDoFilter(ApplicationFilterChain.java:189)
	at org.apache.catalina.core.ApplicationFilterChain.doFilter(ApplicationFilterChain.java:162)
	at org.springframework.web.filter.FormContentFilter.doFilterInternal(FormContentFilter.java:93)
	at org.springframework.web.filter.OncePerRequestFilter.doFilter(OncePerRequestFilter.java:117)
	at org.apache.catalina.core.ApplicationFilterChain.internalDoFilter(ApplicationFilterChain.java:189)
	at org.apache.catalina.core.ApplicationFilterChain.doFilter(ApplicationFilterChain.java:162)
	at org.springframework.web.filter.CharacterEncodingFilter.doFilterInternal(CharacterEncodingFilter.java:201)
	at org.springframework.web.filter.OncePerRequestFilter.doFilter(OncePerRequestFilter.java:117)
	at org.apache.catalina.core.ApplicationFilterChain.internalDoFilter(ApplicationFilterChain.java:189)
	at org.apache.catalina.core.ApplicationFilterChain.doFilter(ApplicationFilterChain.java:162)
	at org.apache.catalina.core.StandardWrapperValve.invoke(StandardWrapperValve.java:197)
	at org.apache.catalina.core.StandardContextValve.invoke(StandardContextValve.java:97)
	at org.apache.catalina.authenticator.AuthenticatorBase.invoke(AuthenticatorBase.java:540)
	at org.apache.catalina.core.StandardHostValve.invoke(StandardHostValve.java:135)
	at org.apache.catalina.valves.ErrorReportValve.invoke(ErrorReportValve.java:92)
	at org.apache.catalina.core.StandardEngineValve.invoke(StandardEngineValve.java:78)
	at org.apache.catalina.connector.CoyoteAdapter.service(CoyoteAdapter.java:357)
	at org.apache.coyote.http11.Http11Processor.service(Http11Processor.java:382)
	at org.apache.coyote.AbstractProcessorLight.process(AbstractProcessorLight.java:65)
	at org.apache.coyote.AbstractProtocol$ConnectionHandler.process(AbstractProtocol.java:895)
	at org.apache.tomcat.util.net.NioEndpoint$SocketProcessor.doRun(NioEndpoint.java:1732)
	at org.apache.tomcat.util.net.SocketProcessorBase.run(SocketProcessorBase.java:49)
	at org.apache.tomcat.util.threads.ThreadPoolExecutor.runWorker(ThreadPoolExecutor.java:1191)
	at org.apache.tomcat.util.threads.ThreadPoolExecutor$Worker.run(ThreadPoolExecutor.java:659)
	at org.apache.tomcat.util.threads.TaskThread$WrappingRunnable.run(TaskThread.java:61)
	at java.base/java.lang.Thread.run(Thread.java:833)
2022-02-01 15:20:53,947 INFO org.springframework.orm.jpa.AbstractEntityManagerFactoryBean [SpringApplicationShutdownHook] Closing JPA EntityManagerFactory for persistence unit 'default'
2022-02-01 15:20:53,952 INFO com.zaxxer.hikari.HikariDataSource [SpringApplicationShutdownHook] HikariPool-1 - Shutdown initiated...
2022-02-01 15:20:53,959 INFO com.zaxxer.hikari.HikariDataSource [SpringApplicationShutdownHook] HikariPool-1 - Shutdown completed.
2022-02-01 15:20:56,010 INFO org.hibernate.validator.internal.util.Version [background-preinit] HV000001: Hibernate Validator 6.2.0.Final
2022-02-01 15:20:56,013 INFO org.springframework.boot.StartupInfoLogger [main] Starting MomentsBackendApplication using Java 17.0.1 on Vitaliis-iMac.local with PID 4008 (/Users/vitaliiprovotar/IdeaProjects/moments-backend/build/classes/java/main started by vitaliiprovotar in /Users/vitaliiprovotar/IdeaProjects/moments-backend)
2022-02-01 15:20:56,013 DEBUG org.springframework.boot.StartupInfoLogger [main] Running with Spring Boot v2.6.2, Spring v5.3.14
2022-02-01 15:20:56,013 INFO org.springframework.boot.SpringApplication [main] No active profile set, falling back to default profiles: default
2022-02-01 15:20:56,370 INFO org.springframework.data.repository.config.RepositoryConfigurationDelegate [main] Bootstrapping Spring Data JPA repositories in DEFAULT mode.
2022-02-01 15:20:56,409 INFO org.springframework.data.repository.config.RepositoryConfigurationDelegate [main] Finished Spring Data repository scanning in 34 ms. Found 9 JPA repository interfaces.
2022-02-01 15:20:56,733 INFO org.springframework.boot.web.embedded.tomcat.TomcatWebServer [main] Tomcat initialized with port(s): 8080 (http)
2022-02-01 15:20:56,751 INFO org.apache.juli.logging.DirectJDKLog [main] Initializing ProtocolHandler ["http-nio-8080"]
2022-02-01 15:20:56,751 INFO org.apache.juli.logging.DirectJDKLog [main] Starting service [Tomcat]
2022-02-01 15:20:56,751 INFO org.apache.juli.logging.DirectJDKLog [main] Starting Servlet engine: [Apache Tomcat/9.0.56]
2022-02-01 15:20:56,796 INFO org.apache.juli.logging.DirectJDKLog [main] Initializing Spring embedded WebApplicationContext
2022-02-01 15:20:56,796 INFO org.springframework.boot.web.servlet.context.ServletWebServerApplicationContext [main] Root WebApplicationContext: initialization completed in 760 ms
2022-02-01 15:20:56,870 INFO org.hibernate.jpa.internal.util.LogHelper [main] HHH000204: Processing PersistenceUnitInfo [name: default]
2022-02-01 15:20:56,895 INFO org.hibernate.Version [main] HHH000412: Hibernate ORM core version 5.6.3.Final
2022-02-01 15:20:56,968 INFO org.hibernate.annotations.common.reflection.java.JavaReflectionManager [main] HCANN000001: Hibernate Commons Annotations {5.1.2.Final}
2022-02-01 15:20:57,013 INFO com.zaxxer.hikari.HikariDataSource [main] HikariPool-1 - Starting...
2022-02-01 15:20:57,127 INFO com.zaxxer.hikari.HikariDataSource [main] HikariPool-1 - Start completed.
2022-02-01 15:20:57,136 INFO org.hibernate.dialect.Dialect [main] HHH000400: Using dialect: org.hibernate.dialect.PostgreSQLDialect
2022-02-01 15:20:57,602 INFO org.hibernate.engine.transaction.jta.platform.internal.JtaPlatformInitiator [main] HHH000490: Using JtaPlatform implementation: [org.hibernate.engine.transaction.jta.platform.internal.NoJtaPlatform]
2022-02-01 15:20:57,606 INFO org.springframework.orm.jpa.AbstractEntityManagerFactoryBean [main] Initialized JPA EntityManagerFactory for persistence unit 'default'
2022-02-01 15:20:57,829 WARN org.springframework.boot.autoconfigure.orm.jpa.JpaBaseConfiguration$JpaWebConfiguration [main] spring.jpa.open-in-view is enabled by default. Therefore, database queries may be performed during view rendering. Explicitly configure spring.jpa.open-in-view to disable this warning
2022-02-01 15:20:57,871 DEBUG org.springframework.web.filter.GenericFilterBean [main] Filter 'jwtTokenFilter' configured for use
2022-02-01 15:20:57,984 INFO org.springframework.security.web.DefaultSecurityFilterChain [main] Will secure any request with [org.springframework.security.web.context.request.async.WebAsyncManagerIntegrationFilter@32c8d67, org.springframework.security.web.context.SecurityContextPersistenceFilter@c14bbab, org.springframework.security.web.header.HeaderWriterFilter@5e6bbe63, org.springframework.web.filter.CorsFilter@5b430541, org.springframework.security.web.authentication.logout.LogoutFilter@745c8a04, com.instacafe.moments.security.jwt.JwtTokenFilter@2c8f65da, org.springframework.security.web.savedrequest.RequestCacheAwareFilter@4a0c04ab, org.springframework.security.web.servletapi.SecurityContextHolderAwareRequestFilter@43cc7951, org.springframework.security.web.authentication.AnonymousAuthenticationFilter@281963c, org.springframework.security.web.session.SessionManagementFilter@675bf541, org.springframework.security.web.access.ExceptionTranslationFilter@74bcf1ab, org.springframework.security.web.access.intercept.FilterSecurityInterceptor@22d47f09]
2022-02-01 15:20:58,182 INFO org.apache.juli.logging.DirectJDKLog [main] Starting ProtocolHandler ["http-nio-8080"]
2022-02-01 15:20:58,191 INFO org.springframework.boot.web.embedded.tomcat.TomcatWebServer [main] Tomcat started on port(s): 8080 (http) with context path ''
2022-02-01 15:20:58,196 INFO org.springframework.boot.StartupInfoLogger [main] Started MomentsBackendApplication in 2.413 seconds (JVM running for 2.795)
2022-02-01 15:21:18,534 INFO org.apache.juli.logging.DirectJDKLog [http-nio-8080-exec-1] Initializing Spring DispatcherServlet 'dispatcherServlet'
2022-02-01 15:21:18,535 INFO org.springframework.web.servlet.FrameworkServlet [http-nio-8080-exec-1] Initializing Servlet 'dispatcherServlet'
2022-02-01 15:21:18,539 INFO org.springframework.web.servlet.FrameworkServlet [http-nio-8080-exec-1] Completed initialization in 4 ms
2022-02-01 15:21:53,826 INFO com.instacafe.moments.rest.AuthenticationRestController [http-nio-8080-exec-7] Login: snhur422@gmail.com
2022-02-01 15:21:54,115 INFO com.instacafe.moments.service.auth.AuthenticationService [http-nio-8080-exec-7] Login success: snhur422@gmail.com
2022-02-01 17:43:38,769 INFO org.springframework.orm.jpa.AbstractEntityManagerFactoryBean [SpringApplicationShutdownHook] Closing JPA EntityManagerFactory for persistence unit 'default'
2022-02-01 17:43:38,777 INFO com.zaxxer.hikari.HikariDataSource [SpringApplicationShutdownHook] HikariPool-1 - Shutdown initiated...
2022-02-01 17:43:38,782 INFO com.zaxxer.hikari.HikariDataSource [SpringApplicationShutdownHook] HikariPool-1 - Shutdown completed.
