2022-01-13 10:41:50,591 INFO org.springframework.orm.jpa.AbstractEntityManagerFactoryBean [SpringApplicationShutdownHook] Closing JPA EntityManagerFactory for persistence unit 'default'
2022-01-13 10:41:50,593 INFO com.zaxxer.hikari.HikariDataSource [SpringApplicationShutdownHook] HikariPool-1 - Shutdown initiated...
2022-01-13 10:41:50,596 INFO com.zaxxer.hikari.HikariDataSource [SpringApplicationShutdownHook] HikariPool-1 - Shutdown completed.
2022-01-13 10:41:51,529 INFO org.hibernate.validator.internal.util.Version [background-preinit] HV000001: Hibernate Validator 6.2.0.Final
2022-01-13 10:41:51,531 INFO org.springframework.boot.StartupInfoLogger [main] Starting MomentsBackendApplication using Java 17.0.1 on Vitaliis-iMac.local with PID 3491 (/Users/vitaliiprovotar/IdeaProjects/moments-backend/build/classes/java/main started by vitaliiprovotar in /Users/vitaliiprovotar/IdeaProjects/moments-backend)
2022-01-13 10:41:51,531 DEBUG org.springframework.boot.StartupInfoLogger [main] Running with Spring Boot v2.6.2, Spring v5.3.14
2022-01-13 10:41:51,531 INFO org.springframework.boot.SpringApplication [main] No active profile set, falling back to default profiles: default
2022-01-13 10:41:51,837 INFO org.springframework.data.repository.config.RepositoryConfigurationDelegate [main] Bootstrapping Spring Data JPA repositories in DEFAULT mode.
2022-01-13 10:41:51,873 INFO org.springframework.data.repository.config.RepositoryConfigurationDelegate [main] Finished Spring Data repository scanning in 32 ms. Found 9 JPA repository interfaces.
2022-01-13 10:41:52,156 INFO org.springframework.boot.web.embedded.tomcat.TomcatWebServer [main] Tomcat initialized with port(s): 8080 (http)
2022-01-13 10:41:52,161 INFO org.apache.juli.logging.DirectJDKLog [main] Initializing ProtocolHandler ["http-nio-8080"]
2022-01-13 10:41:52,161 INFO org.apache.juli.logging.DirectJDKLog [main] Starting service [Tomcat]
2022-01-13 10:41:52,161 INFO org.apache.juli.logging.DirectJDKLog [main] Starting Servlet engine: [Apache Tomcat/9.0.56]
2022-01-13 10:41:52,203 INFO org.apache.juli.logging.DirectJDKLog [main] Initializing Spring embedded WebApplicationContext
2022-01-13 10:41:52,203 INFO org.springframework.boot.web.servlet.context.ServletWebServerApplicationContext [main] Root WebApplicationContext: initialization completed in 652 ms
2022-01-13 10:41:52,273 INFO org.hibernate.jpa.internal.util.LogHelper [main] HHH000204: Processing PersistenceUnitInfo [name: default]
2022-01-13 10:41:52,296 INFO org.hibernate.Version [main] HHH000412: Hibernate ORM core version 5.6.3.Final
2022-01-13 10:41:52,362 INFO org.hibernate.annotations.common.reflection.java.JavaReflectionManager [main] HCANN000001: Hibernate Commons Annotations {5.1.2.Final}
2022-01-13 10:41:52,401 INFO com.zaxxer.hikari.HikariDataSource [main] HikariPool-1 - Starting...
2022-01-13 10:41:52,477 INFO com.zaxxer.hikari.HikariDataSource [main] HikariPool-1 - Start completed.
2022-01-13 10:41:52,485 INFO org.hibernate.dialect.Dialect [main] HHH000400: Using dialect: org.hibernate.dialect.PostgreSQLDialect
2022-01-13 10:41:52,926 INFO org.hibernate.engine.transaction.jta.platform.internal.JtaPlatformInitiator [main] HHH000490: Using JtaPlatform implementation: [org.hibernate.engine.transaction.jta.platform.internal.NoJtaPlatform]
2022-01-13 10:41:52,931 INFO org.springframework.orm.jpa.AbstractEntityManagerFactoryBean [main] Initialized JPA EntityManagerFactory for persistence unit 'default'
2022-01-13 10:41:53,162 WARN org.springframework.boot.autoconfigure.orm.jpa.JpaBaseConfiguration$JpaWebConfiguration [main] spring.jpa.open-in-view is enabled by default. Therefore, database queries may be performed during view rendering. Explicitly configure spring.jpa.open-in-view to disable this warning
2022-01-13 10:41:53,212 DEBUG org.springframework.web.filter.GenericFilterBean [main] Filter 'jwtTokenFilter' configured for use
2022-01-13 10:41:53,327 INFO org.springframework.security.web.DefaultSecurityFilterChain [main] Will secure any request with [org.springframework.security.web.context.request.async.WebAsyncManagerIntegrationFilter@3a9040f0, org.springframework.security.web.context.SecurityContextPersistenceFilter@43e2b8da, org.springframework.security.web.header.HeaderWriterFilter@20a116a0, org.springframework.web.filter.CorsFilter@50b624da, org.springframework.security.web.authentication.logout.LogoutFilter@634d3439, com.instacafe.moments.security.jwt.JwtTokenFilter@1260c85e, org.springframework.security.web.savedrequest.RequestCacheAwareFilter@1c3a64b6, org.springframework.security.web.servletapi.SecurityContextHolderAwareRequestFilter@6bd28e4a, org.springframework.security.web.authentication.AnonymousAuthenticationFilter@33214124, org.springframework.security.web.session.SessionManagementFilter@59bbf82e, org.springframework.security.web.access.ExceptionTranslationFilter@7a13ad55, org.springframework.security.web.access.intercept.FilterSecurityInterceptor@46c9ee28]
2022-01-13 10:41:53,551 INFO org.apache.juli.logging.DirectJDKLog [main] Starting ProtocolHandler ["http-nio-8080"]
2022-01-13 10:41:53,557 INFO org.springframework.boot.web.embedded.tomcat.TomcatWebServer [main] Tomcat started on port(s): 8080 (http) with context path ''
2022-01-13 10:41:53,563 INFO org.springframework.boot.StartupInfoLogger [main] Started MomentsBackendApplication in 2.219 seconds (JVM running for 2.368)
2022-01-13 10:41:56,757 INFO org.apache.juli.logging.DirectJDKLog [http-nio-8080-exec-1] Initializing Spring DispatcherServlet 'dispatcherServlet'
2022-01-13 10:41:56,758 INFO org.springframework.web.servlet.FrameworkServlet [http-nio-8080-exec-1] Initializing Servlet 'dispatcherServlet'
2022-01-13 10:41:56,759 INFO org.springframework.web.servlet.FrameworkServlet [http-nio-8080-exec-1] Completed initialization in 1 ms
2022-01-13 10:41:56,822 INFO com.instacafe.moments.rest.AuthenticationRestController [http-nio-8080-exec-1] Login: snhur42@gmail.com
2022-01-13 10:43:18,347 INFO org.springframework.orm.jpa.AbstractEntityManagerFactoryBean [SpringApplicationShutdownHook] Closing JPA EntityManagerFactory for persistence unit 'default'
2022-01-13 10:43:18,353 INFO com.zaxxer.hikari.HikariDataSource [SpringApplicationShutdownHook] HikariPool-1 - Shutdown initiated...
2022-01-13 10:43:18,355 INFO com.zaxxer.hikari.HikariDataSource [SpringApplicationShutdownHook] HikariPool-1 - Shutdown completed.
2022-01-13 10:43:20,162 INFO org.hibernate.validator.internal.util.Version [background-preinit] HV000001: Hibernate Validator 6.2.0.Final
2022-01-13 10:43:20,163 INFO org.springframework.boot.StartupInfoLogger [main] Starting MomentsBackendApplication using Java 17.0.1 on Vitaliis-iMac.local with PID 3522 (/Users/vitaliiprovotar/IdeaProjects/moments-backend/build/classes/java/main started by vitaliiprovotar in /Users/vitaliiprovotar/IdeaProjects/moments-backend)
2022-01-13 10:43:20,163 DEBUG org.springframework.boot.StartupInfoLogger [main] Running with Spring Boot v2.6.2, Spring v5.3.14
2022-01-13 10:43:20,163 INFO org.springframework.boot.SpringApplication [main] No active profile set, falling back to default profiles: default
2022-01-13 10:43:20,474 INFO org.springframework.data.repository.config.RepositoryConfigurationDelegate [main] Bootstrapping Spring Data JPA repositories in DEFAULT mode.
2022-01-13 10:43:20,511 INFO org.springframework.data.repository.config.RepositoryConfigurationDelegate [main] Finished Spring Data repository scanning in 34 ms. Found 9 JPA repository interfaces.
2022-01-13 10:43:20,778 INFO org.springframework.boot.web.embedded.tomcat.TomcatWebServer [main] Tomcat initialized with port(s): 8080 (http)
2022-01-13 10:43:20,782 INFO org.apache.juli.logging.DirectJDKLog [main] Initializing ProtocolHandler ["http-nio-8080"]
2022-01-13 10:43:20,782 INFO org.apache.juli.logging.DirectJDKLog [main] Starting service [Tomcat]
2022-01-13 10:43:20,782 INFO org.apache.juli.logging.DirectJDKLog [main] Starting Servlet engine: [Apache Tomcat/9.0.56]
2022-01-13 10:43:20,821 INFO org.apache.juli.logging.DirectJDKLog [main] Initializing Spring embedded WebApplicationContext
2022-01-13 10:43:20,821 INFO org.springframework.boot.web.servlet.context.ServletWebServerApplicationContext [main] Root WebApplicationContext: initialization completed in 636 ms
2022-01-13 10:43:20,889 INFO org.hibernate.jpa.internal.util.LogHelper [main] HHH000204: Processing PersistenceUnitInfo [name: default]
2022-01-13 10:43:20,910 INFO org.hibernate.Version [main] HHH000412: Hibernate ORM core version 5.6.3.Final
2022-01-13 10:43:20,971 INFO org.hibernate.annotations.common.reflection.java.JavaReflectionManager [main] HCANN000001: Hibernate Commons Annotations {5.1.2.Final}
2022-01-13 10:43:21,019 INFO com.zaxxer.hikari.HikariDataSource [main] HikariPool-1 - Starting...
2022-01-13 10:43:21,096 INFO com.zaxxer.hikari.HikariDataSource [main] HikariPool-1 - Start completed.
2022-01-13 10:43:21,104 INFO org.hibernate.dialect.Dialect [main] HHH000400: Using dialect: org.hibernate.dialect.PostgreSQLDialect
2022-01-13 10:43:21,551 INFO org.hibernate.engine.transaction.jta.platform.internal.JtaPlatformInitiator [main] HHH000490: Using JtaPlatform implementation: [org.hibernate.engine.transaction.jta.platform.internal.NoJtaPlatform]
2022-01-13 10:43:21,555 INFO org.springframework.orm.jpa.AbstractEntityManagerFactoryBean [main] Initialized JPA EntityManagerFactory for persistence unit 'default'
2022-01-13 10:43:21,779 WARN org.springframework.boot.autoconfigure.orm.jpa.JpaBaseConfiguration$JpaWebConfiguration [main] spring.jpa.open-in-view is enabled by default. Therefore, database queries may be performed during view rendering. Explicitly configure spring.jpa.open-in-view to disable this warning
2022-01-13 10:43:21,824 DEBUG org.springframework.web.filter.GenericFilterBean [main] Filter 'jwtTokenFilter' configured for use
2022-01-13 10:43:21,939 INFO org.springframework.security.web.DefaultSecurityFilterChain [main] Will secure any request with [org.springframework.security.web.context.request.async.WebAsyncManagerIntegrationFilter@59d09ff3, org.springframework.security.web.context.SecurityContextPersistenceFilter@9ae0794, org.springframework.security.web.header.HeaderWriterFilter@675bf541, org.springframework.web.filter.CorsFilter@744f0e0b, org.springframework.security.web.authentication.logout.LogoutFilter@237c8718, com.instacafe.moments.security.jwt.JwtTokenFilter@2b561f51, org.springframework.security.web.savedrequest.RequestCacheAwareFilter@680937c9, org.springframework.security.web.servletapi.SecurityContextHolderAwareRequestFilter@7e84a52b, org.springframework.security.web.authentication.AnonymousAuthenticationFilter@17d0d3d7, org.springframework.security.web.session.SessionManagementFilter@446981a4, org.springframework.security.web.access.ExceptionTranslationFilter@f252762, org.springframework.security.web.access.intercept.FilterSecurityInterceptor@7bc6b117]
2022-01-13 10:43:22,123 INFO org.apache.juli.logging.DirectJDKLog [main] Starting ProtocolHandler ["http-nio-8080"]
2022-01-13 10:43:22,130 INFO org.springframework.boot.web.embedded.tomcat.TomcatWebServer [main] Tomcat started on port(s): 8080 (http) with context path ''
2022-01-13 10:43:22,136 INFO org.springframework.boot.StartupInfoLogger [main] Started MomentsBackendApplication in 2.15 seconds (JVM running for 2.292)
2022-01-13 10:43:27,018 INFO org.apache.juli.logging.DirectJDKLog [http-nio-8080-exec-2] Initializing Spring DispatcherServlet 'dispatcherServlet'
2022-01-13 10:43:27,018 INFO org.springframework.web.servlet.FrameworkServlet [http-nio-8080-exec-2] Initializing Servlet 'dispatcherServlet'
2022-01-13 10:43:27,021 INFO org.springframework.web.servlet.FrameworkServlet [http-nio-8080-exec-2] Completed initialization in 3 ms
2022-01-13 10:43:27,092 INFO com.instacafe.moments.rest.AuthenticationRestController [http-nio-8080-exec-2] Login: snhur42@gmail.com
2022-01-13 10:43:27,340 INFO com.instacafe.moments.service.auth.AuthenticationService [http-nio-8080-exec-2] Login success snhur42@gmail.com
2022-01-13 10:43:43,923 INFO com.instacafe.moments.rest.AuthenticationRestController [http-nio-8080-exec-3] Login: snhur42@gmail.com
2022-01-13 10:43:44,044 ERROR com.instacafe.moments.service.auth.AuthenticationService [http-nio-8080-exec-3] Invalid email/password combination snhur42@gmail.com
2022-01-13 10:43:44,054 ERROR org.apache.juli.logging.DirectJDKLog [http-nio-8080-exec-3] Servlet.service() for servlet [dispatcherServlet] in context with path [] threw exception [Request processing failed; nested exception is com.instacafe.moments.exception.controller.AuthenticateException: Invalid email/password combination] with root cause
com.instacafe.moments.exception.controller.AuthenticateException: Invalid email/password combination
	at com.instacafe.moments.service.auth.AuthenticationService.authenticate(AuthenticationService.java:46)
	at com.instacafe.moments.rest.AuthenticationRestController.authenticate(AuthenticationRestController.java:29)
	at java.base/jdk.internal.reflect.NativeMethodAccessorImpl.invoke0(Native Method)
	at java.base/jdk.internal.reflect.NativeMethodAccessorImpl.invoke(NativeMethodAccessorImpl.java:77)
	at java.base/jdk.internal.reflect.DelegatingMethodAccessorImpl.invoke(DelegatingMethodAccessorImpl.java:43)
	at java.base/java.lang.reflect.Method.invoke(Method.java:568)
	at org.springframework.web.method.support.InvocableHandlerMethod.doInvoke(InvocableHandlerMethod.java:205)
	at org.springframework.web.method.support.InvocableHandlerMethod.invokeForRequest(InvocableHandlerMethod.java:150)
	at org.springframework.web.servlet.mvc.method.annotation.ServletInvocableHandlerMethod.invokeAndHandle(ServletInvocableHandlerMethod.java:117)
	at org.springframework.web.servlet.mvc.method.annotation.RequestMappingHandlerAdapter.invokeHandlerMethod(RequestMappingHandlerAdapter.java:895)
	at org.springframework.web.servlet.mvc.method.annotation.RequestMappingHandlerAdapter.handleInternal(RequestMappingHandlerAdapter.java:808)
	at org.springframework.web.servlet.mvc.method.AbstractHandlerMethodAdapter.handle(AbstractHandlerMethodAdapter.java:87)
	at org.springframework.web.servlet.DispatcherServlet.doDispatch(DispatcherServlet.java:1067)
	at org.springframework.web.servlet.DispatcherServlet.doService(DispatcherServlet.java:963)
	at org.springframework.web.servlet.FrameworkServlet.processRequest(FrameworkServlet.java:1006)
	at org.springframework.web.servlet.FrameworkServlet.doPost(FrameworkServlet.java:909)
	at javax.servlet.http.HttpServlet.service(HttpServlet.java:681)
	at org.springframework.web.servlet.FrameworkServlet.service(FrameworkServlet.java:883)
	at javax.servlet.http.HttpServlet.service(HttpServlet.java:764)
	at org.apache.catalina.core.ApplicationFilterChain.internalDoFilter(ApplicationFilterChain.java:227)
	at org.apache.catalina.core.ApplicationFilterChain.doFilter(ApplicationFilterChain.java:162)
	at org.apache.tomcat.websocket.server.WsFilter.doFilter(WsFilter.java:53)
	at org.apache.catalina.core.ApplicationFilterChain.internalDoFilter(ApplicationFilterChain.java:189)
	at org.apache.catalina.core.ApplicationFilterChain.doFilter(ApplicationFilterChain.java:162)
	at org.springframework.web.filter.OncePerRequestFilter.doFilter(OncePerRequestFilter.java:111)
	at org.apache.catalina.core.ApplicationFilterChain.internalDoFilter(ApplicationFilterChain.java:189)
	at org.apache.catalina.core.ApplicationFilterChain.doFilter(ApplicationFilterChain.java:162)
	at com.instacafe.moments.security.jwt.JwtTokenFilter.doFilter(JwtTokenFilter.java:48)
	at org.apache.catalina.core.ApplicationFilterChain.internalDoFilter(ApplicationFilterChain.java:189)
	at org.apache.catalina.core.ApplicationFilterChain.doFilter(ApplicationFilterChain.java:162)
	at org.springframework.security.web.FilterChainProxy$VirtualFilterChain.doFilter(FilterChainProxy.java:327)
	at org.springframework.security.web.access.intercept.FilterSecurityInterceptor.invoke(FilterSecurityInterceptor.java:115)
	at org.springframework.security.web.access.intercept.FilterSecurityInterceptor.doFilter(FilterSecurityInterceptor.java:81)
	at org.springframework.security.web.FilterChainProxy$VirtualFilterChain.doFilter(FilterChainProxy.java:336)
	at org.springframework.security.web.access.ExceptionTranslationFilter.doFilter(ExceptionTranslationFilter.java:122)
	at org.springframework.security.web.access.ExceptionTranslationFilter.doFilter(ExceptionTranslationFilter.java:116)
	at org.springframework.security.web.FilterChainProxy$VirtualFilterChain.doFilter(FilterChainProxy.java:336)
	at org.springframework.security.web.session.SessionManagementFilter.doFilter(SessionManagementFilter.java:126)
	at org.springframework.security.web.session.SessionManagementFilter.doFilter(SessionManagementFilter.java:81)
	at org.springframework.security.web.FilterChainProxy$VirtualFilterChain.doFilter(FilterChainProxy.java:336)
	at org.springframework.security.web.authentication.AnonymousAuthenticationFilter.doFilter(AnonymousAuthenticationFilter.java:109)
	at org.springframework.security.web.FilterChainProxy$VirtualFilterChain.doFilter(FilterChainProxy.java:336)
	at org.springframework.security.web.servletapi.SecurityContextHolderAwareRequestFilter.doFilter(SecurityContextHolderAwareRequestFilter.java:149)
	at org.springframework.security.web.FilterChainProxy$VirtualFilterChain.doFilter(FilterChainProxy.java:336)
	at org.springframework.security.web.savedrequest.RequestCacheAwareFilter.doFilter(RequestCacheAwareFilter.java:63)
	at org.springframework.security.web.FilterChainProxy$VirtualFilterChain.doFilter(FilterChainProxy.java:336)
	at com.instacafe.moments.security.jwt.JwtTokenFilter.doFilter(JwtTokenFilter.java:48)
	at org.springframework.security.web.FilterChainProxy$VirtualFilterChain.doFilter(FilterChainProxy.java:336)
	at org.springframework.security.web.authentication.logout.LogoutFilter.doFilter(LogoutFilter.java:103)
	at org.springframework.security.web.authentication.logout.LogoutFilter.doFilter(LogoutFilter.java:89)
	at org.springframework.security.web.FilterChainProxy$VirtualFilterChain.doFilter(FilterChainProxy.java:336)
	at org.springframework.web.filter.CorsFilter.doFilterInternal(CorsFilter.java:91)
	at org.springframework.web.filter.OncePerRequestFilter.doFilter(OncePerRequestFilter.java:117)
	at org.springframework.security.web.FilterChainProxy$VirtualFilterChain.doFilter(FilterChainProxy.java:336)
	at org.springframework.security.web.header.HeaderWriterFilter.doHeadersAfter(HeaderWriterFilter.java:90)
	at org.springframework.security.web.header.HeaderWriterFilter.doFilterInternal(HeaderWriterFilter.java:75)
	at org.springframework.web.filter.OncePerRequestFilter.doFilter(OncePerRequestFilter.java:117)
	at org.springframework.security.web.FilterChainProxy$VirtualFilterChain.doFilter(FilterChainProxy.java:336)
	at org.springframework.security.web.context.SecurityContextPersistenceFilter.doFilter(SecurityContextPersistenceFilter.java:110)
	at org.springframework.security.web.context.SecurityContextPersistenceFilter.doFilter(SecurityContextPersistenceFilter.java:80)
	at org.springframework.security.web.FilterChainProxy$VirtualFilterChain.doFilter(FilterChainProxy.java:336)
	at org.springframework.security.web.context.request.async.WebAsyncManagerIntegrationFilter.doFilterInternal(WebAsyncManagerIntegrationFilter.java:55)
	at org.springframework.web.filter.OncePerRequestFilter.doFilter(OncePerRequestFilter.java:117)
	at org.springframework.security.web.FilterChainProxy$VirtualFilterChain.doFilter(FilterChainProxy.java:336)
	at org.springframework.security.web.FilterChainProxy.doFilterInternal(FilterChainProxy.java:211)
	at org.springframework.security.web.FilterChainProxy.doFilter(FilterChainProxy.java:183)
	at org.springframework.web.filter.DelegatingFilterProxy.invokeDelegate(DelegatingFilterProxy.java:354)
	at org.springframework.web.filter.DelegatingFilterProxy.doFilter(DelegatingFilterProxy.java:267)
	at org.apache.catalina.core.ApplicationFilterChain.internalDoFilter(ApplicationFilterChain.java:189)
	at org.apache.catalina.core.ApplicationFilterChain.doFilter(ApplicationFilterChain.java:162)
	at org.springframework.web.filter.RequestContextFilter.doFilterInternal(RequestContextFilter.java:100)
	at org.springframework.web.filter.OncePerRequestFilter.doFilter(OncePerRequestFilter.java:117)
	at org.apache.catalina.core.ApplicationFilterChain.internalDoFilter(ApplicationFilterChain.java:189)
	at org.apache.catalina.core.ApplicationFilterChain.doFilter(ApplicationFilterChain.java:162)
	at org.springframework.web.filter.FormContentFilter.doFilterInternal(FormContentFilter.java:93)
	at org.springframework.web.filter.OncePerRequestFilter.doFilter(OncePerRequestFilter.java:117)
	at org.apache.catalina.core.ApplicationFilterChain.internalDoFilter(ApplicationFilterChain.java:189)
	at org.apache.catalina.core.ApplicationFilterChain.doFilter(ApplicationFilterChain.java:162)
	at org.springframework.web.filter.CharacterEncodingFilter.doFilterInternal(CharacterEncodingFilter.java:201)
	at org.springframework.web.filter.OncePerRequestFilter.doFilter(OncePerRequestFilter.java:117)
	at org.apache.catalina.core.ApplicationFilterChain.internalDoFilter(ApplicationFilterChain.java:189)
	at org.apache.catalina.core.ApplicationFilterChain.doFilter(ApplicationFilterChain.java:162)
	at org.apache.catalina.core.StandardWrapperValve.invoke(StandardWrapperValve.java:197)
	at org.apache.catalina.core.StandardContextValve.invoke(StandardContextValve.java:97)
	at org.apache.catalina.authenticator.AuthenticatorBase.invoke(AuthenticatorBase.java:540)
	at org.apache.catalina.core.StandardHostValve.invoke(StandardHostValve.java:135)
	at org.apache.catalina.valves.ErrorReportValve.invoke(ErrorReportValve.java:92)
	at org.apache.catalina.core.StandardEngineValve.invoke(StandardEngineValve.java:78)
	at org.apache.catalina.connector.CoyoteAdapter.service(CoyoteAdapter.java:357)
	at org.apache.coyote.http11.Http11Processor.service(Http11Processor.java:382)
	at org.apache.coyote.AbstractProcessorLight.process(AbstractProcessorLight.java:65)
	at org.apache.coyote.AbstractProtocol$ConnectionHandler.process(AbstractProtocol.java:895)
	at org.apache.tomcat.util.net.NioEndpoint$SocketProcessor.doRun(NioEndpoint.java:1732)
	at org.apache.tomcat.util.net.SocketProcessorBase.run(SocketProcessorBase.java:49)
	at org.apache.tomcat.util.threads.ThreadPoolExecutor.runWorker(ThreadPoolExecutor.java:1191)
	at org.apache.tomcat.util.threads.ThreadPoolExecutor$Worker.run(ThreadPoolExecutor.java:659)
	at org.apache.tomcat.util.threads.TaskThread$WrappingRunnable.run(TaskThread.java:61)
	at java.base/java.lang.Thread.run(Thread.java:833)
2022-01-13 10:45:21,629 INFO org.springframework.orm.jpa.AbstractEntityManagerFactoryBean [SpringApplicationShutdownHook] Closing JPA EntityManagerFactory for persistence unit 'default'
2022-01-13 10:45:21,634 INFO com.zaxxer.hikari.HikariDataSource [SpringApplicationShutdownHook] HikariPool-1 - Shutdown initiated...
2022-01-13 10:45:21,636 INFO com.zaxxer.hikari.HikariDataSource [SpringApplicationShutdownHook] HikariPool-1 - Shutdown completed.
2022-01-13 10:45:23,326 INFO org.hibernate.validator.internal.util.Version [background-preinit] HV000001: Hibernate Validator 6.2.0.Final
2022-01-13 10:45:23,327 INFO org.springframework.boot.StartupInfoLogger [main] Starting MomentsBackendApplication using Java 17.0.1 on Vitaliis-iMac.local with PID 3577 (/Users/vitaliiprovotar/IdeaProjects/moments-backend/build/classes/java/main started by vitaliiprovotar in /Users/vitaliiprovotar/IdeaProjects/moments-backend)
2022-01-13 10:45:23,327 DEBUG org.springframework.boot.StartupInfoLogger [main] Running with Spring Boot v2.6.2, Spring v5.3.14
2022-01-13 10:45:23,327 INFO org.springframework.boot.SpringApplication [main] No active profile set, falling back to default profiles: default
2022-01-13 10:45:23,635 INFO org.springframework.data.repository.config.RepositoryConfigurationDelegate [main] Bootstrapping Spring Data JPA repositories in DEFAULT mode.
2022-01-13 10:45:23,673 INFO org.springframework.data.repository.config.RepositoryConfigurationDelegate [main] Finished Spring Data repository scanning in 34 ms. Found 9 JPA repository interfaces.
2022-01-13 10:45:23,937 INFO org.springframework.boot.web.embedded.tomcat.TomcatWebServer [main] Tomcat initialized with port(s): 8080 (http)
2022-01-13 10:45:23,941 INFO org.apache.juli.logging.DirectJDKLog [main] Initializing ProtocolHandler ["http-nio-8080"]
2022-01-13 10:45:23,942 INFO org.apache.juli.logging.DirectJDKLog [main] Starting service [Tomcat]
2022-01-13 10:45:23,942 INFO org.apache.juli.logging.DirectJDKLog [main] Starting Servlet engine: [Apache Tomcat/9.0.56]
2022-01-13 10:45:23,981 INFO org.apache.juli.logging.DirectJDKLog [main] Initializing Spring embedded WebApplicationContext
2022-01-13 10:45:23,982 INFO org.springframework.boot.web.servlet.context.ServletWebServerApplicationContext [main] Root WebApplicationContext: initialization completed in 635 ms
2022-01-13 10:45:24,052 INFO org.hibernate.jpa.internal.util.LogHelper [main] HHH000204: Processing PersistenceUnitInfo [name: default]
2022-01-13 10:45:24,078 INFO org.hibernate.Version [main] HHH000412: Hibernate ORM core version 5.6.3.Final
2022-01-13 10:45:24,139 INFO org.hibernate.annotations.common.reflection.java.JavaReflectionManager [main] HCANN000001: Hibernate Commons Annotations {5.1.2.Final}
2022-01-13 10:45:24,179 INFO com.zaxxer.hikari.HikariDataSource [main] HikariPool-1 - Starting...
2022-01-13 10:45:24,259 INFO com.zaxxer.hikari.HikariDataSource [main] HikariPool-1 - Start completed.
2022-01-13 10:45:24,267 INFO org.hibernate.dialect.Dialect [main] HHH000400: Using dialect: org.hibernate.dialect.PostgreSQLDialect
2022-01-13 10:45:24,720 INFO org.hibernate.engine.transaction.jta.platform.internal.JtaPlatformInitiator [main] HHH000490: Using JtaPlatform implementation: [org.hibernate.engine.transaction.jta.platform.internal.NoJtaPlatform]
2022-01-13 10:45:24,725 INFO org.springframework.orm.jpa.AbstractEntityManagerFactoryBean [main] Initialized JPA EntityManagerFactory for persistence unit 'default'
2022-01-13 10:45:24,960 WARN org.springframework.boot.autoconfigure.orm.jpa.JpaBaseConfiguration$JpaWebConfiguration [main] spring.jpa.open-in-view is enabled by default. Therefore, database queries may be performed during view rendering. Explicitly configure spring.jpa.open-in-view to disable this warning
2022-01-13 10:45:25,020 DEBUG org.springframework.web.filter.GenericFilterBean [main] Filter 'jwtTokenFilter' configured for use
2022-01-13 10:45:25,156 INFO org.springframework.security.web.DefaultSecurityFilterChain [main] Will secure any request with [org.springframework.security.web.context.request.async.WebAsyncManagerIntegrationFilter@39fc17be, org.springframework.security.web.context.SecurityContextPersistenceFilter@680937c9, org.springframework.security.web.header.HeaderWriterFilter@c14bbab, org.springframework.web.filter.CorsFilter@69abeb14, org.springframework.security.web.authentication.logout.LogoutFilter@3911fec8, com.instacafe.moments.security.jwt.JwtTokenFilter@736f8837, org.springframework.security.web.savedrequest.RequestCacheAwareFilter@e460ca1, org.springframework.security.web.servletapi.SecurityContextHolderAwareRequestFilter@5693d1d2, org.springframework.security.web.authentication.AnonymousAuthenticationFilter@106edde4, org.springframework.security.web.session.SessionManagementFilter@9ae0794, org.springframework.security.web.access.ExceptionTranslationFilter@675bf541, org.springframework.security.web.access.intercept.FilterSecurityInterceptor@76cbee13]
2022-01-13 10:45:25,328 INFO org.apache.juli.logging.DirectJDKLog [main] Starting ProtocolHandler ["http-nio-8080"]
2022-01-13 10:45:25,334 INFO org.springframework.boot.web.embedded.tomcat.TomcatWebServer [main] Tomcat started on port(s): 8080 (http) with context path ''
2022-01-13 10:45:25,339 INFO org.springframework.boot.StartupInfoLogger [main] Started MomentsBackendApplication in 2.384 seconds (JVM running for 2.597)
2022-01-13 10:45:28,540 INFO org.apache.juli.logging.DirectJDKLog [http-nio-8080-exec-1] Initializing Spring DispatcherServlet 'dispatcherServlet'
2022-01-13 10:45:28,540 INFO org.springframework.web.servlet.FrameworkServlet [http-nio-8080-exec-1] Initializing Servlet 'dispatcherServlet'
2022-01-13 10:45:28,541 INFO org.springframework.web.servlet.FrameworkServlet [http-nio-8080-exec-1] Completed initialization in 1 ms
2022-01-13 10:45:28,608 INFO com.instacafe.moments.rest.AuthenticationRestController [http-nio-8080-exec-1] Login: snhur42@gmail.com
2022-01-13 10:45:28,828 ERROR com.instacafe.moments.service.auth.AuthenticationService [http-nio-8080-exec-1] Invalid email/password combination snhur42@gmail.com
2022-01-13 10:46:58,508 INFO org.springframework.orm.jpa.AbstractEntityManagerFactoryBean [SpringApplicationShutdownHook] Closing JPA EntityManagerFactory for persistence unit 'default'
2022-01-13 10:46:58,511 INFO com.zaxxer.hikari.HikariDataSource [SpringApplicationShutdownHook] HikariPool-1 - Shutdown initiated...
2022-01-13 10:46:58,514 INFO com.zaxxer.hikari.HikariDataSource [SpringApplicationShutdownHook] HikariPool-1 - Shutdown completed.
2022-01-13 10:46:59,880 INFO org.hibernate.validator.internal.util.Version [background-preinit] HV000001: Hibernate Validator 6.2.0.Final
2022-01-13 10:46:59,882 INFO org.springframework.boot.StartupInfoLogger [main] Starting MomentsBackendApplication using Java 17.0.1 on Vitaliis-iMac.local with PID 3615 (/Users/vitaliiprovotar/IdeaProjects/moments-backend/build/classes/java/main started by vitaliiprovotar in /Users/vitaliiprovotar/IdeaProjects/moments-backend)
2022-01-13 10:46:59,882 DEBUG org.springframework.boot.StartupInfoLogger [main] Running with Spring Boot v2.6.2, Spring v5.3.14
2022-01-13 10:46:59,882 INFO org.springframework.boot.SpringApplication [main] No active profile set, falling back to default profiles: default
2022-01-13 10:47:00,191 INFO org.springframework.data.repository.config.RepositoryConfigurationDelegate [main] Bootstrapping Spring Data JPA repositories in DEFAULT mode.
2022-01-13 10:47:00,232 INFO org.springframework.data.repository.config.RepositoryConfigurationDelegate [main] Finished Spring Data repository scanning in 37 ms. Found 9 JPA repository interfaces.
2022-01-13 10:47:00,558 INFO org.springframework.boot.web.embedded.tomcat.TomcatWebServer [main] Tomcat initialized with port(s): 8080 (http)
2022-01-13 10:47:00,565 INFO org.apache.juli.logging.DirectJDKLog [main] Initializing ProtocolHandler ["http-nio-8080"]
2022-01-13 10:47:00,565 INFO org.apache.juli.logging.DirectJDKLog [main] Starting service [Tomcat]
2022-01-13 10:47:00,565 INFO org.apache.juli.logging.DirectJDKLog [main] Starting Servlet engine: [Apache Tomcat/9.0.56]
2022-01-13 10:47:00,611 INFO org.apache.juli.logging.DirectJDKLog [main] Initializing Spring embedded WebApplicationContext
2022-01-13 10:47:00,611 INFO org.springframework.boot.web.servlet.context.ServletWebServerApplicationContext [main] Root WebApplicationContext: initialization completed in 709 ms
2022-01-13 10:47:00,685 INFO org.hibernate.jpa.internal.util.LogHelper [main] HHH000204: Processing PersistenceUnitInfo [name: default]
2022-01-13 10:47:00,708 INFO org.hibernate.Version [main] HHH000412: Hibernate ORM core version 5.6.3.Final
2022-01-13 10:47:00,776 INFO org.hibernate.annotations.common.reflection.java.JavaReflectionManager [main] HCANN000001: Hibernate Commons Annotations {5.1.2.Final}
2022-01-13 10:47:00,816 INFO com.zaxxer.hikari.HikariDataSource [main] HikariPool-1 - Starting...
2022-01-13 10:47:00,893 INFO com.zaxxer.hikari.HikariDataSource [main] HikariPool-1 - Start completed.
2022-01-13 10:47:00,901 INFO org.hibernate.dialect.Dialect [main] HHH000400: Using dialect: org.hibernate.dialect.PostgreSQLDialect
2022-01-13 10:47:01,371 INFO org.hibernate.engine.transaction.jta.platform.internal.JtaPlatformInitiator [main] HHH000490: Using JtaPlatform implementation: [org.hibernate.engine.transaction.jta.platform.internal.NoJtaPlatform]
2022-01-13 10:47:01,375 INFO org.springframework.orm.jpa.AbstractEntityManagerFactoryBean [main] Initialized JPA EntityManagerFactory for persistence unit 'default'
2022-01-13 10:47:01,599 WARN org.springframework.boot.autoconfigure.orm.jpa.JpaBaseConfiguration$JpaWebConfiguration [main] spring.jpa.open-in-view is enabled by default. Therefore, database queries may be performed during view rendering. Explicitly configure spring.jpa.open-in-view to disable this warning
2022-01-13 10:47:01,646 DEBUG org.springframework.web.filter.GenericFilterBean [main] Filter 'jwtTokenFilter' configured for use
2022-01-13 10:47:01,765 INFO org.springframework.security.web.DefaultSecurityFilterChain [main] Will secure any request with [org.springframework.security.web.context.request.async.WebAsyncManagerIntegrationFilter@5c43cb12, org.springframework.security.web.context.SecurityContextPersistenceFilter@411ae0d7, org.springframework.security.web.header.HeaderWriterFilter@453439e, org.springframework.web.filter.CorsFilter@7db2b614, org.springframework.security.web.authentication.logout.LogoutFilter@75b3ef1a, com.instacafe.moments.security.jwt.JwtTokenFilter@49741274, org.springframework.security.web.savedrequest.RequestCacheAwareFilter@7e84a52b, org.springframework.security.web.servletapi.SecurityContextHolderAwareRequestFilter@15a0f9, org.springframework.security.web.authentication.AnonymousAuthenticationFilter@5db66c3, org.springframework.security.web.session.SessionManagementFilter@77ad2767, org.springframework.security.web.access.ExceptionTranslationFilter@72c5064f, org.springframework.security.web.access.intercept.FilterSecurityInterceptor@39fc17be]
2022-01-13 10:47:01,988 INFO org.apache.juli.logging.DirectJDKLog [main] Starting ProtocolHandler ["http-nio-8080"]
2022-01-13 10:47:01,994 INFO org.springframework.boot.web.embedded.tomcat.TomcatWebServer [main] Tomcat started on port(s): 8080 (http) with context path ''
2022-01-13 10:47:02,000 INFO org.springframework.boot.StartupInfoLogger [main] Started MomentsBackendApplication in 2.306 seconds (JVM running for 2.459)
2022-01-13 10:47:05,660 INFO org.apache.juli.logging.DirectJDKLog [http-nio-8080-exec-2] Initializing Spring DispatcherServlet 'dispatcherServlet'
2022-01-13 10:47:05,660 INFO org.springframework.web.servlet.FrameworkServlet [http-nio-8080-exec-2] Initializing Servlet 'dispatcherServlet'
2022-01-13 10:47:05,661 INFO org.springframework.web.servlet.FrameworkServlet [http-nio-8080-exec-2] Completed initialization in 1 ms
2022-01-13 10:47:05,729 INFO com.instacafe.moments.rest.AuthenticationRestController [http-nio-8080-exec-2] Login: snhur42@gmail.com
2022-01-13 10:47:05,944 ERROR com.instacafe.moments.service.auth.AuthenticationService [http-nio-8080-exec-2] Invalid email/password combination snhur42@gmail.com
2022-01-13 10:47:16,850 INFO com.instacafe.moments.rest.AuthenticationRestController [http-nio-8080-exec-3] Login: snhur42@gmail.com1
2022-01-13 10:47:16,866 ERROR com.instacafe.moments.service.auth.UserDetailsServiceImpl [http-nio-8080-exec-3] There is not User with this username: snhur42@gmail.com1
2022-01-13 10:47:16,866 ERROR com.instacafe.moments.service.auth.AuthenticationService [http-nio-8080-exec-3] Invalid email/password combination snhur42@gmail.com1
2022-01-13 10:47:18,724 INFO com.instacafe.moments.rest.AuthenticationRestController [http-nio-8080-exec-4] Login: snhur42@gmail.com1
2022-01-13 10:47:18,728 ERROR com.instacafe.moments.service.auth.UserDetailsServiceImpl [http-nio-8080-exec-4] There is not User with this username: snhur42@gmail.com1
2022-01-13 10:47:18,728 ERROR com.instacafe.moments.service.auth.AuthenticationService [http-nio-8080-exec-4] Invalid email/password combination snhur42@gmail.com1
2022-01-13 11:16:02,664 INFO org.springframework.boot.StartupInfoLogger [Test worker] Starting AuthenticationServiceTest using Java 17.0.1 on Vitaliis-iMac.local with PID 4350 (started by vitaliiprovotar in /Users/vitaliiprovotar/IdeaProjects/moments-backend)
2022-01-13 11:16:02,665 DEBUG org.springframework.boot.StartupInfoLogger [Test worker] Running with Spring Boot v2.6.2, Spring v5.3.14
2022-01-13 11:16:02,665 INFO org.springframework.boot.SpringApplication [Test worker] No active profile set, falling back to default profiles: default
2022-01-13 11:16:02,672 INFO org.hibernate.validator.internal.util.Version [background-preinit] HV000001: Hibernate Validator 6.2.0.Final
2022-01-13 11:16:02,992 INFO org.springframework.data.repository.config.RepositoryConfigurationDelegate [Test worker] Bootstrapping Spring Data JPA repositories in DEFAULT mode.
2022-01-13 11:16:03,030 INFO org.springframework.data.repository.config.RepositoryConfigurationDelegate [Test worker] Finished Spring Data repository scanning in 33 ms. Found 9 JPA repository interfaces.
2022-01-13 11:16:03,284 INFO org.hibernate.jpa.internal.util.LogHelper [Test worker] HHH000204: Processing PersistenceUnitInfo [name: default]
2022-01-13 11:16:03,308 INFO org.hibernate.Version [Test worker] HHH000412: Hibernate ORM core version 5.6.3.Final
2022-01-13 11:16:03,385 INFO org.hibernate.annotations.common.reflection.java.JavaReflectionManager [Test worker] HCANN000001: Hibernate Commons Annotations {5.1.2.Final}
2022-01-13 11:16:03,425 INFO com.zaxxer.hikari.HikariDataSource [Test worker] HikariPool-1 - Starting...
2022-01-13 11:16:03,530 INFO com.zaxxer.hikari.HikariDataSource [Test worker] HikariPool-1 - Start completed.
2022-01-13 11:16:03,539 INFO org.hibernate.dialect.Dialect [Test worker] HHH000400: Using dialect: org.hibernate.dialect.PostgreSQLDialect
2022-01-13 11:16:04,015 INFO org.hibernate.engine.transaction.jta.platform.internal.JtaPlatformInitiator [Test worker] HHH000490: Using JtaPlatform implementation: [org.hibernate.engine.transaction.jta.platform.internal.NoJtaPlatform]
2022-01-13 11:16:04,020 INFO org.springframework.orm.jpa.AbstractEntityManagerFactoryBean [Test worker] Initialized JPA EntityManagerFactory for persistence unit 'default'
2022-01-13 11:16:04,285 WARN org.springframework.boot.autoconfigure.orm.jpa.JpaBaseConfiguration$JpaWebConfiguration [Test worker] spring.jpa.open-in-view is enabled by default. Therefore, database queries may be performed during view rendering. Explicitly configure spring.jpa.open-in-view to disable this warning
2022-01-13 11:16:04,455 INFO org.springframework.security.web.DefaultSecurityFilterChain [Test worker] Will secure any request with [org.springframework.security.web.context.request.async.WebAsyncManagerIntegrationFilter@2fd05b15, org.springframework.security.web.context.SecurityContextPersistenceFilter@50d91a0f, org.springframework.security.web.header.HeaderWriterFilter@3b850bb7, org.springframework.web.filter.CorsFilter@2e76d0d3, org.springframework.security.web.authentication.logout.LogoutFilter@3eb641a8, com.instacafe.moments.security.jwt.JwtTokenFilter@656c0eae, org.springframework.security.web.savedrequest.RequestCacheAwareFilter@7505dcab, org.springframework.security.web.servletapi.SecurityContextHolderAwareRequestFilter@57777c23, org.springframework.security.web.authentication.AnonymousAuthenticationFilter@564fc235, org.springframework.security.web.session.SessionManagementFilter@4b808427, org.springframework.security.web.access.ExceptionTranslationFilter@641c8ba4, org.springframework.security.web.access.intercept.FilterSecurityInterceptor@eea0b48]
2022-01-13 11:16:04,847 INFO org.springframework.boot.StartupInfoLogger [Test worker] Started AuthenticationServiceTest in 2.508 seconds (JVM running for 2.983)
2022-01-13 11:16:04,938 INFO org.springframework.orm.jpa.AbstractEntityManagerFactoryBean [SpringApplicationShutdownHook] Closing JPA EntityManagerFactory for persistence unit 'default'
2022-01-13 11:16:04,940 INFO com.zaxxer.hikari.HikariDataSource [SpringApplicationShutdownHook] HikariPool-1 - Shutdown initiated...
2022-01-13 11:16:04,942 INFO com.zaxxer.hikari.HikariDataSource [SpringApplicationShutdownHook] HikariPool-1 - Shutdown completed.
2022-01-13 11:16:11,113 INFO org.springframework.boot.StartupInfoLogger [Test worker] Starting AuthenticationServiceTest using Java 17.0.1 on Vitaliis-iMac.local with PID 4369 (started by vitaliiprovotar in /Users/vitaliiprovotar/IdeaProjects/moments-backend)
2022-01-13 11:16:11,114 DEBUG org.springframework.boot.StartupInfoLogger [Test worker] Running with Spring Boot v2.6.2, Spring v5.3.14
2022-01-13 11:16:11,114 INFO org.springframework.boot.SpringApplication [Test worker] No active profile set, falling back to default profiles: default
2022-01-13 11:16:11,120 INFO org.hibernate.validator.internal.util.Version [background-preinit] HV000001: Hibernate Validator 6.2.0.Final
2022-01-13 11:16:11,423 INFO org.springframework.data.repository.config.RepositoryConfigurationDelegate [Test worker] Bootstrapping Spring Data JPA repositories in DEFAULT mode.
2022-01-13 11:16:11,458 INFO org.springframework.data.repository.config.RepositoryConfigurationDelegate [Test worker] Finished Spring Data repository scanning in 31 ms. Found 9 JPA repository interfaces.
2022-01-13 11:16:11,705 INFO org.hibernate.jpa.internal.util.LogHelper [Test worker] HHH000204: Processing PersistenceUnitInfo [name: default]
2022-01-13 11:16:11,734 INFO org.hibernate.Version [Test worker] HHH000412: Hibernate ORM core version 5.6.3.Final
2022-01-13 11:16:11,811 INFO org.hibernate.annotations.common.reflection.java.JavaReflectionManager [Test worker] HCANN000001: Hibernate Commons Annotations {5.1.2.Final}
2022-01-13 11:16:11,847 INFO com.zaxxer.hikari.HikariDataSource [Test worker] HikariPool-1 - Starting...
2022-01-13 11:16:11,937 INFO com.zaxxer.hikari.HikariDataSource [Test worker] HikariPool-1 - Start completed.
2022-01-13 11:16:11,946 INFO org.hibernate.dialect.Dialect [Test worker] HHH000400: Using dialect: org.hibernate.dialect.PostgreSQLDialect
2022-01-13 11:16:12,408 INFO org.hibernate.engine.transaction.jta.platform.internal.JtaPlatformInitiator [Test worker] HHH000490: Using JtaPlatform implementation: [org.hibernate.engine.transaction.jta.platform.internal.NoJtaPlatform]
2022-01-13 11:16:12,413 INFO org.springframework.orm.jpa.AbstractEntityManagerFactoryBean [Test worker] Initialized JPA EntityManagerFactory for persistence unit 'default'
2022-01-13 11:16:12,667 WARN org.springframework.boot.autoconfigure.orm.jpa.JpaBaseConfiguration$JpaWebConfiguration [Test worker] spring.jpa.open-in-view is enabled by default. Therefore, database queries may be performed during view rendering. Explicitly configure spring.jpa.open-in-view to disable this warning
2022-01-13 11:16:12,823 INFO org.springframework.security.web.DefaultSecurityFilterChain [Test worker] Will secure any request with [org.springframework.security.web.context.request.async.WebAsyncManagerIntegrationFilter@727e61ed, org.springframework.security.web.context.SecurityContextPersistenceFilter@4df5f119, org.springframework.security.web.header.HeaderWriterFilter@50d91a0f, org.springframework.web.filter.CorsFilter@47bfde21, org.springframework.security.web.authentication.logout.LogoutFilter@4280b20b, com.instacafe.moments.security.jwt.JwtTokenFilter@237ee2e1, org.springframework.security.web.savedrequest.RequestCacheAwareFilter@6632eb19, org.springframework.security.web.servletapi.SecurityContextHolderAwareRequestFilter@1d5958d3, org.springframework.security.web.authentication.AnonymousAuthenticationFilter@3df681cc, org.springframework.security.web.session.SessionManagementFilter@f2b4303, org.springframework.security.web.access.ExceptionTranslationFilter@64f2b1b4, org.springframework.security.web.access.intercept.FilterSecurityInterceptor@1dd6e400]
2022-01-13 11:16:13,153 INFO org.springframework.boot.StartupInfoLogger [Test worker] Started AuthenticationServiceTest in 2.161 seconds (JVM running for 2.611)
2022-01-13 11:16:13,373 ERROR com.instacafe.moments.service.auth.UserDetailsServiceImpl [Test worker] There is not User with this username: 
2022-01-13 11:16:13,373 ERROR com.instacafe.moments.service.auth.AuthenticationService [Test worker] Invalid email/password combination 
2022-01-13 11:16:13,381 ERROR com.instacafe.moments.service.auth.UserDetailsServiceImpl [Test worker] There is not User with this username: NONE_PROVIDED
2022-01-13 11:16:13,382 ERROR com.instacafe.moments.service.auth.AuthenticationService [Test worker] Invalid email/password combination null
2022-01-13 11:16:13,396 INFO org.springframework.orm.jpa.AbstractEntityManagerFactoryBean [SpringApplicationShutdownHook] Closing JPA EntityManagerFactory for persistence unit 'default'
2022-01-13 11:16:13,397 INFO com.zaxxer.hikari.HikariDataSource [SpringApplicationShutdownHook] HikariPool-1 - Shutdown initiated...
2022-01-13 11:16:13,399 INFO com.zaxxer.hikari.HikariDataSource [SpringApplicationShutdownHook] HikariPool-1 - Shutdown completed.
2022-01-13 11:17:09,016 INFO org.springframework.boot.StartupInfoLogger [Test worker] Starting AuthenticationServiceTest using Java 17.0.1 on Vitaliis-iMac.local with PID 4406 (started by vitaliiprovotar in /Users/vitaliiprovotar/IdeaProjects/moments-backend)
2022-01-13 11:17:09,016 DEBUG org.springframework.boot.StartupInfoLogger [Test worker] Running with Spring Boot v2.6.2, Spring v5.3.14
2022-01-13 11:17:09,017 INFO org.springframework.boot.SpringApplication [Test worker] No active profile set, falling back to default profiles: default
2022-01-13 11:17:09,022 INFO org.hibernate.validator.internal.util.Version [background-preinit] HV000001: Hibernate Validator 6.2.0.Final
2022-01-13 11:17:09,312 INFO org.springframework.data.repository.config.RepositoryConfigurationDelegate [Test worker] Bootstrapping Spring Data JPA repositories in DEFAULT mode.
2022-01-13 11:17:09,349 INFO org.springframework.data.repository.config.RepositoryConfigurationDelegate [Test worker] Finished Spring Data repository scanning in 33 ms. Found 9 JPA repository interfaces.
2022-01-13 11:17:09,599 INFO org.hibernate.jpa.internal.util.LogHelper [Test worker] HHH000204: Processing PersistenceUnitInfo [name: default]
2022-01-13 11:17:09,623 INFO org.hibernate.Version [Test worker] HHH000412: Hibernate ORM core version 5.6.3.Final
2022-01-13 11:17:09,699 INFO org.hibernate.annotations.common.reflection.java.JavaReflectionManager [Test worker] HCANN000001: Hibernate Commons Annotations {5.1.2.Final}
2022-01-13 11:17:09,739 INFO com.zaxxer.hikari.HikariDataSource [Test worker] HikariPool-1 - Starting...
2022-01-13 11:17:09,824 INFO com.zaxxer.hikari.HikariDataSource [Test worker] HikariPool-1 - Start completed.
2022-01-13 11:17:09,833 INFO org.hibernate.dialect.Dialect [Test worker] HHH000400: Using dialect: org.hibernate.dialect.PostgreSQLDialect
2022-01-13 11:17:10,297 INFO org.hibernate.engine.transaction.jta.platform.internal.JtaPlatformInitiator [Test worker] HHH000490: Using JtaPlatform implementation: [org.hibernate.engine.transaction.jta.platform.internal.NoJtaPlatform]
2022-01-13 11:17:10,301 INFO org.springframework.orm.jpa.AbstractEntityManagerFactoryBean [Test worker] Initialized JPA EntityManagerFactory for persistence unit 'default'
2022-01-13 11:17:10,554 WARN org.springframework.boot.autoconfigure.orm.jpa.JpaBaseConfiguration$JpaWebConfiguration [Test worker] spring.jpa.open-in-view is enabled by default. Therefore, database queries may be performed during view rendering. Explicitly configure spring.jpa.open-in-view to disable this warning
2022-01-13 11:17:10,710 INFO org.springframework.security.web.DefaultSecurityFilterChain [Test worker] Will secure any request with [org.springframework.security.web.context.request.async.WebAsyncManagerIntegrationFilter@41538150, org.springframework.security.web.context.SecurityContextPersistenceFilter@6a358906, org.springframework.security.web.header.HeaderWriterFilter@165a5979, org.springframework.web.filter.CorsFilter@19b8f1bd, org.springframework.security.web.authentication.logout.LogoutFilter@41a3c6f5, com.instacafe.moments.security.jwt.JwtTokenFilter@35d8ba22, org.springframework.security.web.savedrequest.RequestCacheAwareFilter@646ddc20, org.springframework.security.web.servletapi.SecurityContextHolderAwareRequestFilter@50e4d8cd, org.springframework.security.web.authentication.AnonymousAuthenticationFilter@1360ef8d, org.springframework.security.web.session.SessionManagementFilter@13e5b262, org.springframework.security.web.access.ExceptionTranslationFilter@519e67e, org.springframework.security.web.access.intercept.FilterSecurityInterceptor@5c40402c]
2022-01-13 11:17:11,070 INFO org.springframework.boot.StartupInfoLogger [Test worker] Started AuthenticationServiceTest in 2.177 seconds (JVM running for 2.746)
2022-01-13 11:17:11,306 ERROR com.instacafe.moments.service.auth.UserDetailsServiceImpl [Test worker] There is not User with this username: 
2022-01-13 11:17:11,307 ERROR com.instacafe.moments.service.auth.AuthenticationService [Test worker] Invalid email/password combination 
2022-01-13 11:17:11,316 ERROR com.instacafe.moments.service.auth.UserDetailsServiceImpl [Test worker] There is not User with this username: NONE_PROVIDED
2022-01-13 11:17:11,317 ERROR com.instacafe.moments.service.auth.AuthenticationService [Test worker] Invalid email/password combination null
2022-01-13 11:17:11,323 INFO org.springframework.orm.jpa.AbstractEntityManagerFactoryBean [SpringApplicationShutdownHook] Closing JPA EntityManagerFactory for persistence unit 'default'
2022-01-13 11:17:11,324 INFO com.zaxxer.hikari.HikariDataSource [SpringApplicationShutdownHook] HikariPool-1 - Shutdown initiated...
2022-01-13 11:17:11,325 INFO com.zaxxer.hikari.HikariDataSource [SpringApplicationShutdownHook] HikariPool-1 - Shutdown completed.
2022-01-13 11:20:01,985 INFO org.springframework.boot.StartupInfoLogger [Test worker] Starting AuthenticationServiceTest using Java 17.0.1 on Vitaliis-iMac.local with PID 4453 (started by vitaliiprovotar in /Users/vitaliiprovotar/IdeaProjects/moments-backend)
2022-01-13 11:20:01,985 DEBUG org.springframework.boot.StartupInfoLogger [Test worker] Running with Spring Boot v2.6.2, Spring v5.3.14
2022-01-13 11:20:01,985 INFO org.springframework.boot.SpringApplication [Test worker] No active profile set, falling back to default profiles: default
2022-01-13 11:20:01,990 INFO org.hibernate.validator.internal.util.Version [background-preinit] HV000001: Hibernate Validator 6.2.0.Final
2022-01-13 11:20:02,270 INFO org.springframework.data.repository.config.RepositoryConfigurationDelegate [Test worker] Bootstrapping Spring Data JPA repositories in DEFAULT mode.
2022-01-13 11:20:02,306 INFO org.springframework.data.repository.config.RepositoryConfigurationDelegate [Test worker] Finished Spring Data repository scanning in 32 ms. Found 9 JPA repository interfaces.
2022-01-13 11:20:02,557 INFO org.hibernate.jpa.internal.util.LogHelper [Test worker] HHH000204: Processing PersistenceUnitInfo [name: default]
2022-01-13 11:20:02,581 INFO org.hibernate.Version [Test worker] HHH000412: Hibernate ORM core version 5.6.3.Final
2022-01-13 11:20:02,655 INFO org.hibernate.annotations.common.reflection.java.JavaReflectionManager [Test worker] HCANN000001: Hibernate Commons Annotations {5.1.2.Final}
2022-01-13 11:20:02,693 INFO com.zaxxer.hikari.HikariDataSource [Test worker] HikariPool-1 - Starting...
2022-01-13 11:20:02,772 INFO com.zaxxer.hikari.HikariDataSource [Test worker] HikariPool-1 - Start completed.
2022-01-13 11:20:02,781 INFO org.hibernate.dialect.Dialect [Test worker] HHH000400: Using dialect: org.hibernate.dialect.PostgreSQLDialect
2022-01-13 11:20:03,236 INFO org.hibernate.engine.transaction.jta.platform.internal.JtaPlatformInitiator [Test worker] HHH000490: Using JtaPlatform implementation: [org.hibernate.engine.transaction.jta.platform.internal.NoJtaPlatform]
2022-01-13 11:20:03,242 INFO org.springframework.orm.jpa.AbstractEntityManagerFactoryBean [Test worker] Initialized JPA EntityManagerFactory for persistence unit 'default'
2022-01-13 11:20:03,487 WARN org.springframework.boot.autoconfigure.orm.jpa.JpaBaseConfiguration$JpaWebConfiguration [Test worker] spring.jpa.open-in-view is enabled by default. Therefore, database queries may be performed during view rendering. Explicitly configure spring.jpa.open-in-view to disable this warning
2022-01-13 11:20:03,652 INFO org.springframework.security.web.DefaultSecurityFilterChain [Test worker] Will secure any request with [org.springframework.security.web.context.request.async.WebAsyncManagerIntegrationFilter@5d260494, org.springframework.security.web.context.SecurityContextPersistenceFilter@136cad3e, org.springframework.security.web.header.HeaderWriterFilter@7402bfe7, org.springframework.web.filter.CorsFilter@2262bc86, org.springframework.security.web.authentication.logout.LogoutFilter@22f7bf36, com.instacafe.moments.security.jwt.JwtTokenFilter@5d035ab6, org.springframework.security.web.savedrequest.RequestCacheAwareFilter@220e1b7b, org.springframework.security.web.servletapi.SecurityContextHolderAwareRequestFilter@646ddc20, org.springframework.security.web.authentication.AnonymousAuthenticationFilter@d43f205, org.springframework.security.web.session.SessionManagementFilter@16f62062, org.springframework.security.web.access.ExceptionTranslationFilter@3dbb7bb, org.springframework.security.web.access.intercept.FilterSecurityInterceptor@3df681cc]
2022-01-13 11:20:04,002 INFO org.springframework.boot.StartupInfoLogger [Test worker] Started AuthenticationServiceTest in 2.291 seconds (JVM running for 2.751)
2022-01-13 11:20:04,218 ERROR com.instacafe.moments.service.auth.UserDetailsServiceImpl [Test worker] There is not User with this username: test@gmail.com
2022-01-13 11:20:04,219 ERROR com.instacafe.moments.service.auth.AuthenticationService [Test worker] Invalid email/password combination test@gmail.com
2022-01-13 11:20:04,228 ERROR com.instacafe.moments.service.auth.UserDetailsServiceImpl [Test worker] There is not User with this username: 
2022-01-13 11:20:04,228 ERROR com.instacafe.moments.service.auth.AuthenticationService [Test worker] Invalid email/password combination 
2022-01-13 11:20:04,232 ERROR com.instacafe.moments.service.auth.UserDetailsServiceImpl [Test worker] There is not User with this username: NONE_PROVIDED
2022-01-13 11:20:04,232 ERROR com.instacafe.moments.service.auth.AuthenticationService [Test worker] Invalid email/password combination null
2022-01-13 11:20:04,241 INFO org.springframework.orm.jpa.AbstractEntityManagerFactoryBean [SpringApplicationShutdownHook] Closing JPA EntityManagerFactory for persistence unit 'default'
2022-01-13 11:20:04,243 INFO com.zaxxer.hikari.HikariDataSource [SpringApplicationShutdownHook] HikariPool-1 - Shutdown initiated...
2022-01-13 11:20:04,245 INFO com.zaxxer.hikari.HikariDataSource [SpringApplicationShutdownHook] HikariPool-1 - Shutdown completed.
2022-01-13 11:20:47,231 INFO org.springframework.boot.StartupInfoLogger [Test worker] Starting AuthenticationServiceTest using Java 17.0.1 on Vitaliis-iMac.local with PID 4477 (started by vitaliiprovotar in /Users/vitaliiprovotar/IdeaProjects/moments-backend)
2022-01-13 11:20:47,232 DEBUG org.springframework.boot.StartupInfoLogger [Test worker] Running with Spring Boot v2.6.2, Spring v5.3.14
2022-01-13 11:20:47,232 INFO org.springframework.boot.SpringApplication [Test worker] No active profile set, falling back to default profiles: default
2022-01-13 11:20:47,236 INFO org.hibernate.validator.internal.util.Version [background-preinit] HV000001: Hibernate Validator 6.2.0.Final
2022-01-13 11:20:47,539 INFO org.springframework.data.repository.config.RepositoryConfigurationDelegate [Test worker] Bootstrapping Spring Data JPA repositories in DEFAULT mode.
2022-01-13 11:20:47,573 INFO org.springframework.data.repository.config.RepositoryConfigurationDelegate [Test worker] Finished Spring Data repository scanning in 30 ms. Found 9 JPA repository interfaces.
2022-01-13 11:20:47,821 INFO org.hibernate.jpa.internal.util.LogHelper [Test worker] HHH000204: Processing PersistenceUnitInfo [name: default]
2022-01-13 11:20:47,845 INFO org.hibernate.Version [Test worker] HHH000412: Hibernate ORM core version 5.6.3.Final
2022-01-13 11:20:47,918 INFO org.hibernate.annotations.common.reflection.java.JavaReflectionManager [Test worker] HCANN000001: Hibernate Commons Annotations {5.1.2.Final}
2022-01-13 11:20:47,956 INFO com.zaxxer.hikari.HikariDataSource [Test worker] HikariPool-1 - Starting...
2022-01-13 11:20:48,033 INFO com.zaxxer.hikari.HikariDataSource [Test worker] HikariPool-1 - Start completed.
2022-01-13 11:20:48,042 INFO org.hibernate.dialect.Dialect [Test worker] HHH000400: Using dialect: org.hibernate.dialect.PostgreSQLDialect
2022-01-13 11:20:48,514 INFO org.hibernate.engine.transaction.jta.platform.internal.JtaPlatformInitiator [Test worker] HHH000490: Using JtaPlatform implementation: [org.hibernate.engine.transaction.jta.platform.internal.NoJtaPlatform]
2022-01-13 11:20:48,519 INFO org.springframework.orm.jpa.AbstractEntityManagerFactoryBean [Test worker] Initialized JPA EntityManagerFactory for persistence unit 'default'
2022-01-13 11:20:48,803 WARN org.springframework.boot.autoconfigure.orm.jpa.JpaBaseConfiguration$JpaWebConfiguration [Test worker] spring.jpa.open-in-view is enabled by default. Therefore, database queries may be performed during view rendering. Explicitly configure spring.jpa.open-in-view to disable this warning
2022-01-13 11:20:48,967 INFO org.springframework.security.web.DefaultSecurityFilterChain [Test worker] Will secure any request with [org.springframework.security.web.context.request.async.WebAsyncManagerIntegrationFilter@65b7678a, org.springframework.security.web.context.SecurityContextPersistenceFilter@64f2b1b4, org.springframework.security.web.header.HeaderWriterFilter@641c8ba4, org.springframework.web.filter.CorsFilter@1932ad2c, org.springframework.security.web.authentication.logout.LogoutFilter@ea40c9f, com.instacafe.moments.security.jwt.JwtTokenFilter@56adbb07, org.springframework.security.web.savedrequest.RequestCacheAwareFilter@167f9043, org.springframework.security.web.servletapi.SecurityContextHolderAwareRequestFilter@52b6561b, org.springframework.security.web.authentication.AnonymousAuthenticationFilter@7699e60a, org.springframework.security.web.session.SessionManagementFilter@54224125, org.springframework.security.web.access.ExceptionTranslationFilter@5ace6611, org.springframework.security.web.access.intercept.FilterSecurityInterceptor@6d5d1204]
2022-01-13 11:20:49,348 INFO org.springframework.boot.StartupInfoLogger [Test worker] Started AuthenticationServiceTest in 2.233 seconds (JVM running for 2.686)
2022-01-13 11:20:49,565 ERROR com.instacafe.moments.service.auth.UserDetailsServiceImpl [Test worker] There is not User with this username: test@gmail.com
2022-01-13 11:20:49,566 ERROR com.instacafe.moments.service.auth.AuthenticationService [Test worker] Invalid email/password combination test@gmail.com
2022-01-13 11:20:49,576 ERROR com.instacafe.moments.service.auth.UserDetailsServiceImpl [Test worker] There is not User with this username: 
2022-01-13 11:20:49,577 ERROR com.instacafe.moments.service.auth.AuthenticationService [Test worker] Invalid email/password combination 
2022-01-13 11:20:49,582 ERROR com.instacafe.moments.service.auth.UserDetailsServiceImpl [Test worker] There is not User with this username: NONE_PROVIDED
2022-01-13 11:20:49,582 ERROR com.instacafe.moments.service.auth.AuthenticationService [Test worker] Invalid email/password combination null
2022-01-13 11:20:49,591 INFO org.springframework.orm.jpa.AbstractEntityManagerFactoryBean [SpringApplicationShutdownHook] Closing JPA EntityManagerFactory for persistence unit 'default'
2022-01-13 11:20:49,593 INFO com.zaxxer.hikari.HikariDataSource [SpringApplicationShutdownHook] HikariPool-1 - Shutdown initiated...
2022-01-13 11:20:49,595 INFO com.zaxxer.hikari.HikariDataSource [SpringApplicationShutdownHook] HikariPool-1 - Shutdown completed.
2022-01-13 11:20:51,357 INFO org.springframework.orm.jpa.AbstractEntityManagerFactoryBean [SpringApplicationShutdownHook] Closing JPA EntityManagerFactory for persistence unit 'default'
2022-01-13 11:20:51,360 INFO com.zaxxer.hikari.HikariDataSource [SpringApplicationShutdownHook] HikariPool-1 - Shutdown initiated...
2022-01-13 11:20:51,363 INFO com.zaxxer.hikari.HikariDataSource [SpringApplicationShutdownHook] HikariPool-1 - Shutdown completed.
2022-01-13 11:20:53,012 INFO org.hibernate.validator.internal.util.Version [background-preinit] HV000001: Hibernate Validator 6.2.0.Final
2022-01-13 11:20:53,013 INFO org.springframework.boot.StartupInfoLogger [main] Starting MomentsBackendApplication using Java 17.0.1 on Vitaliis-iMac.local with PID 4508 (/Users/vitaliiprovotar/IdeaProjects/moments-backend/build/classes/java/main started by vitaliiprovotar in /Users/vitaliiprovotar/IdeaProjects/moments-backend)
2022-01-13 11:20:53,014 DEBUG org.springframework.boot.StartupInfoLogger [main] Running with Spring Boot v2.6.2, Spring v5.3.14
2022-01-13 11:20:53,014 INFO org.springframework.boot.SpringApplication [main] No active profile set, falling back to default profiles: default
2022-01-13 11:20:53,333 INFO org.springframework.data.repository.config.RepositoryConfigurationDelegate [main] Bootstrapping Spring Data JPA repositories in DEFAULT mode.
2022-01-13 11:20:53,368 INFO org.springframework.data.repository.config.RepositoryConfigurationDelegate [main] Finished Spring Data repository scanning in 31 ms. Found 9 JPA repository interfaces.
2022-01-13 11:20:53,656 INFO org.springframework.boot.web.embedded.tomcat.TomcatWebServer [main] Tomcat initialized with port(s): 8080 (http)
2022-01-13 11:20:53,660 INFO org.apache.juli.logging.DirectJDKLog [main] Initializing ProtocolHandler ["http-nio-8080"]
2022-01-13 11:20:53,661 INFO org.apache.juli.logging.DirectJDKLog [main] Starting service [Tomcat]
2022-01-13 11:20:53,661 INFO org.apache.juli.logging.DirectJDKLog [main] Starting Servlet engine: [Apache Tomcat/9.0.56]
2022-01-13 11:20:53,701 INFO org.apache.juli.logging.DirectJDKLog [main] Initializing Spring embedded WebApplicationContext
2022-01-13 11:20:53,701 INFO org.springframework.boot.web.servlet.context.ServletWebServerApplicationContext [main] Root WebApplicationContext: initialization completed in 667 ms
2022-01-13 11:20:53,775 INFO org.hibernate.jpa.internal.util.LogHelper [main] HHH000204: Processing PersistenceUnitInfo [name: default]
2022-01-13 11:20:53,800 INFO org.hibernate.Version [main] HHH000412: Hibernate ORM core version 5.6.3.Final
2022-01-13 11:20:53,861 INFO org.hibernate.annotations.common.reflection.java.JavaReflectionManager [main] HCANN000001: Hibernate Commons Annotations {5.1.2.Final}
2022-01-13 11:20:53,902 INFO com.zaxxer.hikari.HikariDataSource [main] HikariPool-1 - Starting...
2022-01-13 11:20:53,978 INFO com.zaxxer.hikari.HikariDataSource [main] HikariPool-1 - Start completed.
2022-01-13 11:20:53,986 INFO org.hibernate.dialect.Dialect [main] HHH000400: Using dialect: org.hibernate.dialect.PostgreSQLDialect
2022-01-13 11:20:54,588 INFO org.hibernate.engine.transaction.jta.platform.internal.JtaPlatformInitiator [main] HHH000490: Using JtaPlatform implementation: [org.hibernate.engine.transaction.jta.platform.internal.NoJtaPlatform]
2022-01-13 11:20:54,592 INFO org.springframework.orm.jpa.AbstractEntityManagerFactoryBean [main] Initialized JPA EntityManagerFactory for persistence unit 'default'
2022-01-13 11:20:54,814 WARN org.springframework.boot.autoconfigure.orm.jpa.JpaBaseConfiguration$JpaWebConfiguration [main] spring.jpa.open-in-view is enabled by default. Therefore, database queries may be performed during view rendering. Explicitly configure spring.jpa.open-in-view to disable this warning
2022-01-13 11:20:54,858 DEBUG org.springframework.web.filter.GenericFilterBean [main] Filter 'jwtTokenFilter' configured for use
2022-01-13 11:20:54,984 INFO org.springframework.security.web.DefaultSecurityFilterChain [main] Will secure any request with [org.springframework.security.web.context.request.async.WebAsyncManagerIntegrationFilter@351d726c, org.springframework.security.web.context.SecurityContextPersistenceFilter@483ed60e, org.springframework.security.web.header.HeaderWriterFilter@799fc4c9, org.springframework.web.filter.CorsFilter@72b53f27, org.springframework.security.web.authentication.logout.LogoutFilter@5d9d8ecf, com.instacafe.moments.security.jwt.JwtTokenFilter@3e5b2630, org.springframework.security.web.savedrequest.RequestCacheAwareFilter@7a14ab66, org.springframework.security.web.servletapi.SecurityContextHolderAwareRequestFilter@68f1b89, org.springframework.security.web.authentication.AnonymousAuthenticationFilter@7af0693b, org.springframework.security.web.session.SessionManagementFilter@3b590f6a, org.springframework.security.web.access.ExceptionTranslationFilter@e0d9e3f, org.springframework.security.web.access.intercept.FilterSecurityInterceptor@412440c1]
2022-01-13 11:20:55,198 INFO org.apache.juli.logging.DirectJDKLog [main] Starting ProtocolHandler ["http-nio-8080"]
2022-01-13 11:20:55,204 INFO org.springframework.boot.web.embedded.tomcat.TomcatWebServer [main] Tomcat started on port(s): 8080 (http) with context path ''
2022-01-13 11:20:55,208 INFO org.springframework.boot.StartupInfoLogger [main] Started MomentsBackendApplication in 2.376 seconds (JVM running for 2.543)
2022-01-13 11:21:00,191 INFO org.apache.juli.logging.DirectJDKLog [http-nio-8080-exec-1] Initializing Spring DispatcherServlet 'dispatcherServlet'
2022-01-13 11:21:00,191 INFO org.springframework.web.servlet.FrameworkServlet [http-nio-8080-exec-1] Initializing Servlet 'dispatcherServlet'
2022-01-13 11:21:00,196 INFO org.springframework.web.servlet.FrameworkServlet [http-nio-8080-exec-1] Completed initialization in 4 ms
2022-01-13 11:21:00,280 INFO com.instacafe.moments.rest.AuthenticationRestController [http-nio-8080-exec-1] Login: snhur42@gmail.com1
2022-01-13 11:21:00,425 ERROR com.instacafe.moments.service.auth.UserDetailsServiceImpl [http-nio-8080-exec-1] There is not User with this username: snhur42@gmail.com1
2022-01-13 11:21:00,425 ERROR com.instacafe.moments.service.auth.AuthenticationService [http-nio-8080-exec-1] Invalid email/password combination snhur42@gmail.com1
2022-01-13 11:21:07,557 INFO com.instacafe.moments.rest.AuthenticationRestController [http-nio-8080-exec-3] Login: snhur42@gmail.com
2022-01-13 11:21:07,703 INFO com.instacafe.moments.service.auth.AuthenticationService [http-nio-8080-exec-3] Login success: snhur42@gmail.com
2022-01-13 11:21:14,957 INFO org.springframework.orm.jpa.AbstractEntityManagerFactoryBean [SpringApplicationShutdownHook] Closing JPA EntityManagerFactory for persistence unit 'default'
2022-01-13 11:21:14,959 INFO com.zaxxer.hikari.HikariDataSource [SpringApplicationShutdownHook] HikariPool-1 - Shutdown initiated...
2022-01-13 11:21:14,962 INFO com.zaxxer.hikari.HikariDataSource [SpringApplicationShutdownHook] HikariPool-1 - Shutdown completed.
2022-01-13 11:58:37,389 INFO org.hibernate.validator.internal.util.Version [background-preinit] HV000001: Hibernate Validator 6.2.0.Final
2022-01-13 11:58:37,392 INFO org.springframework.boot.StartupInfoLogger [main] Starting MomentsBackendApplication using Java 17.0.1 on Vitaliis-iMac.local with PID 8090 (/Users/vitaliiprovotar/IdeaProjects/moments-backend/build/classes/java/main started by vitaliiprovotar in /Users/vitaliiprovotar/IdeaProjects/moments-backend)
2022-01-13 11:58:37,392 DEBUG org.springframework.boot.StartupInfoLogger [main] Running with Spring Boot v2.6.2, Spring v5.3.14
2022-01-13 11:58:37,392 INFO org.springframework.boot.SpringApplication [main] No active profile set, falling back to default profiles: default
2022-01-13 11:58:37,738 INFO org.springframework.data.repository.config.RepositoryConfigurationDelegate [main] Bootstrapping Spring Data JPA repositories in DEFAULT mode.
2022-01-13 11:58:37,777 INFO org.springframework.data.repository.config.RepositoryConfigurationDelegate [main] Finished Spring Data repository scanning in 34 ms. Found 9 JPA repository interfaces.
2022-01-13 11:58:38,077 INFO org.springframework.boot.web.embedded.tomcat.TomcatWebServer [main] Tomcat initialized with port(s): 8080 (http)
2022-01-13 11:58:38,084 INFO org.apache.juli.logging.DirectJDKLog [main] Initializing ProtocolHandler ["http-nio-8080"]
2022-01-13 11:58:38,084 INFO org.apache.juli.logging.DirectJDKLog [main] Starting service [Tomcat]
2022-01-13 11:58:38,084 INFO org.apache.juli.logging.DirectJDKLog [main] Starting Servlet engine: [Apache Tomcat/9.0.56]
2022-01-13 11:58:38,125 INFO org.apache.juli.logging.DirectJDKLog [main] Initializing Spring embedded WebApplicationContext
2022-01-13 11:58:38,125 INFO org.springframework.boot.web.servlet.context.ServletWebServerApplicationContext [main] Root WebApplicationContext: initialization completed in 712 ms
2022-01-13 11:58:38,210 INFO org.hibernate.jpa.internal.util.LogHelper [main] HHH000204: Processing PersistenceUnitInfo [name: default]
2022-01-13 11:58:38,235 INFO org.hibernate.Version [main] HHH000412: Hibernate ORM core version 5.6.3.Final
2022-01-13 11:58:38,309 INFO org.hibernate.annotations.common.reflection.java.JavaReflectionManager [main] HCANN000001: Hibernate Commons Annotations {5.1.2.Final}
2022-01-13 11:58:38,357 INFO com.zaxxer.hikari.HikariDataSource [main] HikariPool-1 - Starting...
2022-01-13 11:58:38,492 INFO com.zaxxer.hikari.HikariDataSource [main] HikariPool-1 - Start completed.
2022-01-13 11:58:38,501 INFO org.hibernate.dialect.Dialect [main] HHH000400: Using dialect: org.hibernate.dialect.PostgreSQLDialect
2022-01-13 11:58:39,064 INFO org.hibernate.engine.transaction.jta.platform.internal.JtaPlatformInitiator [main] HHH000490: Using JtaPlatform implementation: [org.hibernate.engine.transaction.jta.platform.internal.NoJtaPlatform]
2022-01-13 11:58:39,070 INFO org.springframework.orm.jpa.AbstractEntityManagerFactoryBean [main] Initialized JPA EntityManagerFactory for persistence unit 'default'
2022-01-13 11:58:39,310 WARN org.springframework.boot.autoconfigure.orm.jpa.JpaBaseConfiguration$JpaWebConfiguration [main] spring.jpa.open-in-view is enabled by default. Therefore, database queries may be performed during view rendering. Explicitly configure spring.jpa.open-in-view to disable this warning
2022-01-13 11:58:39,349 DEBUG org.springframework.web.filter.GenericFilterBean [main] Filter 'jwtTokenFilter' configured for use
2022-01-13 11:58:39,469 INFO org.springframework.security.web.DefaultSecurityFilterChain [main] Will secure any request with [org.springframework.security.web.context.request.async.WebAsyncManagerIntegrationFilter@7bc6b117, org.springframework.security.web.context.SecurityContextPersistenceFilter@7533923b, org.springframework.security.web.header.HeaderWriterFilter@2e5c7cd5, org.springframework.web.filter.CorsFilter@2ea4e762, org.springframework.security.web.authentication.logout.LogoutFilter@7d2baa56, com.instacafe.moments.security.jwt.JwtTokenFilter@1dd9a3ae, org.springframework.security.web.savedrequest.RequestCacheAwareFilter@644f6e89, org.springframework.security.web.servletapi.SecurityContextHolderAwareRequestFilter@e460ca1, org.springframework.security.web.authentication.AnonymousAuthenticationFilter@2de07c57, org.springframework.security.web.session.SessionManagementFilter@43cc7951, org.springframework.security.web.access.ExceptionTranslationFilter@6686507b, org.springframework.security.web.access.intercept.FilterSecurityInterceptor@7164e28a]
2022-01-13 11:58:39,685 INFO org.apache.juli.logging.DirectJDKLog [main] Starting ProtocolHandler ["http-nio-8080"]
2022-01-13 11:58:39,694 INFO org.springframework.boot.web.embedded.tomcat.TomcatWebServer [main] Tomcat started on port(s): 8080 (http) with context path ''
2022-01-13 11:58:39,700 INFO org.springframework.boot.StartupInfoLogger [main] Started MomentsBackendApplication in 2.731 seconds (JVM running for 3.185)
2022-01-13 11:59:19,470 INFO org.apache.juli.logging.DirectJDKLog [http-nio-8080-exec-1] Initializing Spring DispatcherServlet 'dispatcherServlet'
2022-01-13 11:59:19,471 INFO org.springframework.web.servlet.FrameworkServlet [http-nio-8080-exec-1] Initializing Servlet 'dispatcherServlet'
2022-01-13 11:59:19,475 INFO org.springframework.web.servlet.FrameworkServlet [http-nio-8080-exec-1] Completed initialization in 4 ms
2022-01-13 11:59:19,588 INFO com.instacafe.moments.rest.AuthenticationRestController [http-nio-8080-exec-2] Login: snhur42@gmail.com
2022-01-13 11:59:19,870 INFO com.instacafe.moments.service.auth.AuthenticationService [http-nio-8080-exec-2] Login success: snhur42@gmail.com
2022-01-13 12:01:39,912 INFO com.instacafe.moments.rest.AuthenticationRestController [http-nio-8080-exec-7] Login: snhur42@gmail.com
2022-01-13 12:01:40,019 INFO com.instacafe.moments.service.auth.AuthenticationService [http-nio-8080-exec-7] Login success: snhur42@gmail.com
2022-01-13 12:09:02,474 INFO com.instacafe.moments.rest.AuthenticationRestController [http-nio-8080-exec-4] Login: snhur42@gmail.com
2022-01-13 12:09:02,623 INFO com.instacafe.moments.service.auth.AuthenticationService [http-nio-8080-exec-4] Login success: snhur42@gmail.com
2022-01-13 13:55:51,341 WARN com.zaxxer.hikari.pool.HikariPool$HouseKeeper [HikariPool-1 housekeeper] HikariPool-1 - Thread starvation or clock leap detected (housekeeper delta=30m41s802ms).
2022-01-13 14:34:00,610 INFO com.instacafe.moments.rest.AuthenticationRestController [http-nio-8080-exec-1] Login: snhur42@gmail.com
2022-01-13 14:34:00,803 INFO com.instacafe.moments.service.auth.AuthenticationService [http-nio-8080-exec-1] Login success: snhur42@gmail.com
2022-01-13 15:04:46,755 WARN com.zaxxer.hikari.pool.HikariPool$HouseKeeper [HikariPool-1 housekeeper] HikariPool-1 - Thread starvation or clock leap detected (housekeeper delta=6m54s948ms).
2022-01-13 15:54:58,875 INFO com.instacafe.moments.rest.AuthenticationRestController [http-nio-8080-exec-6] Login: snhur42@gmail.com
2022-01-13 15:54:59,052 INFO com.instacafe.moments.service.auth.AuthenticationService [http-nio-8080-exec-6] Login success: snhur42@gmail.com
2022-01-13 15:55:22,150 INFO com.instacafe.moments.rest.AuthenticationRestController [http-nio-8080-exec-10] Login: snhur42@gmail.com
2022-01-13 15:55:22,270 INFO com.instacafe.moments.service.auth.AuthenticationService [http-nio-8080-exec-10] Login success: snhur42@gmail.com
2022-01-13 16:05:25,698 INFO com.instacafe.moments.rest.AuthenticationRestController [http-nio-8080-exec-1] Login: snhur42@gmail.com
2022-01-13 16:05:25,836 INFO com.instacafe.moments.service.auth.AuthenticationService [http-nio-8080-exec-1] Login success: snhur42@gmail.com
2022-01-13 16:17:42,531 INFO com.instacafe.moments.rest.AuthenticationRestController [http-nio-8080-exec-9] Login: das
2022-01-13 16:17:42,602 ERROR com.instacafe.moments.service.auth.UserDetailsServiceImpl [http-nio-8080-exec-9] There is not User with this username: das
2022-01-13 16:17:42,608 ERROR com.instacafe.moments.service.auth.AuthenticationService [http-nio-8080-exec-9] Invalid email/password combination das
2022-01-13 16:17:44,430 INFO com.instacafe.moments.rest.AuthenticationRestController [http-nio-8080-exec-8] Login: das
2022-01-13 16:17:44,438 ERROR com.instacafe.moments.service.auth.UserDetailsServiceImpl [http-nio-8080-exec-8] There is not User with this username: das
2022-01-13 16:17:44,439 ERROR com.instacafe.moments.service.auth.AuthenticationService [http-nio-8080-exec-8] Invalid email/password combination das
2022-01-13 16:17:45,084 INFO com.instacafe.moments.rest.AuthenticationRestController [http-nio-8080-exec-10] Login: das
2022-01-13 16:17:45,089 ERROR com.instacafe.moments.service.auth.UserDetailsServiceImpl [http-nio-8080-exec-10] There is not User with this username: das
2022-01-13 16:17:45,090 ERROR com.instacafe.moments.service.auth.AuthenticationService [http-nio-8080-exec-10] Invalid email/password combination das
2022-01-13 16:17:45,516 INFO com.instacafe.moments.rest.AuthenticationRestController [http-nio-8080-exec-1] Login: das
2022-01-13 16:17:45,521 ERROR com.instacafe.moments.service.auth.UserDetailsServiceImpl [http-nio-8080-exec-1] There is not User with this username: das
2022-01-13 16:17:45,521 ERROR com.instacafe.moments.service.auth.AuthenticationService [http-nio-8080-exec-1] Invalid email/password combination das
2022-01-13 16:17:45,716 INFO com.instacafe.moments.rest.AuthenticationRestController [http-nio-8080-exec-2] Login: das
2022-01-13 16:17:45,720 ERROR com.instacafe.moments.service.auth.UserDetailsServiceImpl [http-nio-8080-exec-2] There is not User with this username: das
2022-01-13 16:17:45,721 ERROR com.instacafe.moments.service.auth.AuthenticationService [http-nio-8080-exec-2] Invalid email/password combination das
2022-01-13 16:17:45,862 INFO com.instacafe.moments.rest.AuthenticationRestController [http-nio-8080-exec-5] Login: das
2022-01-13 16:17:45,865 ERROR com.instacafe.moments.service.auth.UserDetailsServiceImpl [http-nio-8080-exec-5] There is not User with this username: das
2022-01-13 16:17:45,866 ERROR com.instacafe.moments.service.auth.AuthenticationService [http-nio-8080-exec-5] Invalid email/password combination das
2022-01-13 16:17:46,077 INFO com.instacafe.moments.rest.AuthenticationRestController [http-nio-8080-exec-3] Login: das
2022-01-13 16:17:46,082 ERROR com.instacafe.moments.service.auth.UserDetailsServiceImpl [http-nio-8080-exec-3] There is not User with this username: das
2022-01-13 16:17:46,083 ERROR com.instacafe.moments.service.auth.AuthenticationService [http-nio-8080-exec-3] Invalid email/password combination das
2022-01-13 16:17:48,918 INFO com.instacafe.moments.rest.AuthenticationRestController [http-nio-8080-exec-6] Login: dasdasdas
2022-01-13 16:17:48,922 ERROR com.instacafe.moments.service.auth.UserDetailsServiceImpl [http-nio-8080-exec-6] There is not User with this username: dasdasdas
2022-01-13 16:17:48,923 ERROR com.instacafe.moments.service.auth.AuthenticationService [http-nio-8080-exec-6] Invalid email/password combination dasdasdas
2022-01-13 16:18:43,803 INFO com.instacafe.moments.rest.AuthenticationRestController [http-nio-8080-exec-9] Login: snhur42@gmail.com
2022-01-13 16:18:43,919 INFO com.instacafe.moments.service.auth.AuthenticationService [http-nio-8080-exec-9] Login success: snhur42@gmail.com
2022-01-13 16:20:36,806 INFO com.instacafe.moments.rest.AuthenticationRestController [http-nio-8080-exec-5] Login: snhur42@gmail.com
2022-01-13 16:20:36,918 INFO com.instacafe.moments.service.auth.AuthenticationService [http-nio-8080-exec-5] Login success: snhur42@gmail.com
2022-01-13 16:21:29,034 INFO com.instacafe.moments.rest.AuthenticationRestController [http-nio-8080-exec-7] Login: snhur42@gmail.com
2022-01-13 16:21:29,184 INFO com.instacafe.moments.service.auth.AuthenticationService [http-nio-8080-exec-7] Login success: snhur42@gmail.com
2022-01-13 16:21:36,616 INFO com.instacafe.moments.rest.AuthenticationRestController [http-nio-8080-exec-1] Login: snhur42@gmail.com
2022-01-13 16:21:36,738 ERROR com.instacafe.moments.service.auth.AuthenticationService [http-nio-8080-exec-1] Invalid email/password combination snhur42@gmail.com
2022-01-13 16:21:39,644 INFO com.instacafe.moments.rest.AuthenticationRestController [http-nio-8080-exec-2] Login: snhur42@gmail.com
2022-01-13 16:21:39,768 ERROR com.instacafe.moments.service.auth.AuthenticationService [http-nio-8080-exec-2] Invalid email/password combination snhur42@gmail.com
2022-01-13 16:21:46,580 INFO com.instacafe.moments.rest.AuthenticationRestController [http-nio-8080-exec-3] Login: snhur42@gmail.comdsad
2022-01-13 16:21:46,585 ERROR com.instacafe.moments.service.auth.UserDetailsServiceImpl [http-nio-8080-exec-3] There is not User with this username: snhur42@gmail.comdsad
2022-01-13 16:21:46,586 ERROR com.instacafe.moments.service.auth.AuthenticationService [http-nio-8080-exec-3] Invalid email/password combination snhur42@gmail.comdsad
2022-01-13 16:22:49,981 INFO com.instacafe.moments.rest.AuthenticationRestController [http-nio-8080-exec-7] Login: snhur42@gmail.comdasd
2022-01-13 16:22:49,993 ERROR com.instacafe.moments.service.auth.UserDetailsServiceImpl [http-nio-8080-exec-7] There is not User with this username: snhur42@gmail.comdasd
2022-01-13 16:22:49,994 ERROR com.instacafe.moments.service.auth.AuthenticationService [http-nio-8080-exec-7] Invalid email/password combination snhur42@gmail.comdasd
2022-01-13 16:22:52,961 INFO com.instacafe.moments.rest.AuthenticationRestController [http-nio-8080-exec-9] Login: snhur42@gmail.comdasd
2022-01-13 16:22:52,970 ERROR com.instacafe.moments.service.auth.UserDetailsServiceImpl [http-nio-8080-exec-9] There is not User with this username: snhur42@gmail.comdasd
2022-01-13 16:22:52,971 ERROR com.instacafe.moments.service.auth.AuthenticationService [http-nio-8080-exec-9] Invalid email/password combination snhur42@gmail.comdasd
2022-01-13 16:24:32,197 INFO com.instacafe.moments.rest.AuthenticationRestController [http-nio-8080-exec-1] Login: snhur42@gmail.com
2022-01-13 16:24:32,319 ERROR com.instacafe.moments.service.auth.AuthenticationService [http-nio-8080-exec-1] Invalid email/password combination snhur42@gmail.com
2022-01-13 16:27:09,788 INFO com.instacafe.moments.rest.AuthenticationRestController [http-nio-8080-exec-3] Login: snhur42@gmail.comdas
2022-01-13 16:27:09,808 ERROR com.instacafe.moments.service.auth.UserDetailsServiceImpl [http-nio-8080-exec-3] There is not User with this username: snhur42@gmail.comdas
2022-01-13 16:27:09,808 ERROR com.instacafe.moments.service.auth.AuthenticationService [http-nio-8080-exec-3] Invalid email/password combination snhur42@gmail.comdas
2022-01-13 16:27:11,497 INFO com.instacafe.moments.rest.AuthenticationRestController [http-nio-8080-exec-4] Login: snhur42@gmail.comdas
2022-01-13 16:27:11,502 ERROR com.instacafe.moments.service.auth.UserDetailsServiceImpl [http-nio-8080-exec-4] There is not User with this username: snhur42@gmail.comdas
2022-01-13 16:27:11,503 ERROR com.instacafe.moments.service.auth.AuthenticationService [http-nio-8080-exec-4] Invalid email/password combination snhur42@gmail.comdas
2022-01-13 16:28:13,359 INFO com.instacafe.moments.rest.AuthenticationRestController [http-nio-8080-exec-9] Login: snhur42@gmail.comdsad
2022-01-13 16:28:13,382 ERROR com.instacafe.moments.service.auth.UserDetailsServiceImpl [http-nio-8080-exec-9] There is not User with this username: snhur42@gmail.comdsad
2022-01-13 16:28:13,385 ERROR com.instacafe.moments.service.auth.AuthenticationService [http-nio-8080-exec-9] Invalid email/password combination snhur42@gmail.comdsad
2022-01-13 16:29:31,505 INFO com.instacafe.moments.rest.AuthenticationRestController [http-nio-8080-exec-1] Login: snhur42@gmail.com
2022-01-13 16:29:31,614 ERROR com.instacafe.moments.service.auth.AuthenticationService [http-nio-8080-exec-1] Invalid email/password combination snhur42@gmail.com
2022-01-13 16:33:28,100 INFO com.instacafe.moments.rest.AuthenticationRestController [http-nio-8080-exec-3] Login: snhur42@gmail.com
2022-01-13 16:33:28,269 INFO com.instacafe.moments.service.auth.AuthenticationService [http-nio-8080-exec-3] Login success: snhur42@gmail.com
2022-01-13 16:33:32,945 INFO com.instacafe.moments.rest.AuthenticationRestController [http-nio-8080-exec-9] Login: snhur42@gmail.comdsad
2022-01-13 16:33:32,953 ERROR com.instacafe.moments.service.auth.UserDetailsServiceImpl [http-nio-8080-exec-9] There is not User with this username: snhur42@gmail.comdsad
2022-01-13 16:33:32,955 ERROR com.instacafe.moments.service.auth.AuthenticationService [http-nio-8080-exec-9] Invalid email/password combination snhur42@gmail.comdsad
2022-01-13 16:36:15,736 INFO com.instacafe.moments.rest.AuthenticationRestController [http-nio-8080-exec-1] Login: snhur42@gmail.comds
2022-01-13 16:36:15,776 ERROR com.instacafe.moments.service.auth.UserDetailsServiceImpl [http-nio-8080-exec-1] There is not User with this username: snhur42@gmail.comds
2022-01-13 16:36:15,777 ERROR com.instacafe.moments.service.auth.AuthenticationService [http-nio-8080-exec-1] Invalid email/password combination snhur42@gmail.comds
2022-01-13 16:37:49,081 INFO com.instacafe.moments.rest.AuthenticationRestController [http-nio-8080-exec-3] Login: snhur42@gmail.com
2022-01-13 16:37:49,180 ERROR com.instacafe.moments.service.auth.AuthenticationService [http-nio-8080-exec-3] Invalid email/password combination snhur42@gmail.com
2022-01-13 16:38:36,308 INFO com.instacafe.moments.rest.AuthenticationRestController [http-nio-8080-exec-6] Login: snhur42@gmail.com
2022-01-13 16:38:36,424 INFO com.instacafe.moments.service.auth.AuthenticationService [http-nio-8080-exec-6] Login success: snhur42@gmail.com
2022-01-13 18:03:19,102 WARN com.zaxxer.hikari.pool.HikariPool$HouseKeeper [HikariPool-1 housekeeper] HikariPool-1 - Thread starvation or clock leap detected (housekeeper delta=1h13m20s215ms).
2022-01-13 18:18:52,170 WARN com.zaxxer.hikari.pool.HikariPool$HouseKeeper [HikariPool-1 housekeeper] HikariPool-1 - Thread starvation or clock leap detected (housekeeper delta=5m32s952ms).
2022-01-13 18:27:30,835 WARN com.zaxxer.hikari.pool.HikariPool$HouseKeeper [HikariPool-1 housekeeper] HikariPool-1 - Thread starvation or clock leap detected (housekeeper delta=3m38s619ms).
2022-01-13 18:39:59,220 WARN com.zaxxer.hikari.pool.HikariPool$HouseKeeper [HikariPool-1 housekeeper] HikariPool-1 - Thread starvation or clock leap detected (housekeeper delta=2m58s315ms).
2022-01-13 18:43:36,537 INFO org.springframework.orm.jpa.AbstractEntityManagerFactoryBean [SpringApplicationShutdownHook] Closing JPA EntityManagerFactory for persistence unit 'default'
2022-01-13 18:43:36,541 INFO com.zaxxer.hikari.HikariDataSource [SpringApplicationShutdownHook] HikariPool-1 - Shutdown initiated...
2022-01-13 18:43:36,544 INFO com.zaxxer.hikari.HikariDataSource [SpringApplicationShutdownHook] HikariPool-1 - Shutdown completed.
